#
# There is insufficient memory for the Java Runtime Environment to continue.
# Native memory allocation (mmap) failed to map 75497472 bytes for committing reserved memory.
# Possible reasons:
#   The system is out of physical RAM or swap space
#   In 32 bit mode, the process size limit was hit
# Possible solutions:
#   Reduce memory load on the system
#   Increase physical memory or swap space
#   Check if swap backing store is full
#   Use 64 bit Java on a 64 bit OS
#   Decrease Java heap size (-Xmx/-Xms)
#   Decrease number of Java threads
#   Decrease Java thread stack sizes (-Xss)
#   Set larger code cache with -XX:ReservedCodeCacheSize=
# This output file may be truncated or incomplete.
#
#  Out of Memory Error (os_linux.cpp:2643), pid=24431, tid=0x00007fef3e4da700
#
# JRE version: OpenJDK Runtime Environment (8.0_131-b11) (build 1.8.0_131-8u131-b11-2ubuntu1.17.04.3-b11)
# Java VM: OpenJDK 64-Bit Server VM (25.131-b11 mixed mode linux-amd64 compressed oops)
# Failed to write core dump. Core dumps have been disabled. To enable core dumping, try "ulimit -c unlimited" before starting Java again
#

---------------  T H R E A D  ---------------

Current thread (0x00007fef58077800):  VMThread [stack: 0x00007fef3e3da000,0x00007fef3e4db000] [id=24444]

Stack: [0x00007fef3e3da000,0x00007fef3e4db000],  sp=0x00007fef3e4d94b0,  free space=1021k
Native frames: (J=compiled Java code, j=interpreted, Vv=VM code, C=native code)
V  [libjvm.so+0xa6fa00]  VMError::report_and_die()+0x160
V  [libjvm.so+0x4c7bdc]  report_vm_out_of_memory(char const*, int, unsigned long, VMErrorType, char const*)+0xac
V  [libjvm.so+0x8be7a0]  os::pd_commit_memory(char*, unsigned long, unsigned long, bool)+0xf0
V  [libjvm.so+0x8b8e2e]  os::commit_memory(char*, unsigned long, unsigned long, bool)+0x2e
V  [libjvm.so+0x93395e]  PSVirtualSpace::expand_by(unsigned long)+0x4e
V  [libjvm.so+0x934ce3]  PSYoungGen::resize(unsigned long, unsigned long)+0x103
V  [libjvm.so+0x931333]  PSScavenge::invoke_no_policy()+0x1503
V  [libjvm.so+0x92a039]  PSParallelCompact::invoke(bool)+0x49
V  [libjvm.so+0x449a23]  CollectedHeap::collect_as_vm_thread(GCCause::Cause)+0x163
V  [libjvm.so+0xa70ed9]  VM_CollectForMetadataAllocation::doit()+0x169
V  [libjvm.so+0xa767e7]  VM_Operation::evaluate()+0x47
V  [libjvm.so+0xa73f77]  VMThread::evaluate_operation(VM_Operation*) [clone .constprop.30]+0xe7
V  [libjvm.so+0xa753f6]  VMThread::loop()+0x246
V  [libjvm.so+0xa758f1]  VMThread::run()+0x81
V  [libjvm.so+0x8bbd32]  java_start(Thread*)+0xf2

VM_Operation (0x00007fef5f4d9620): CollectForMetadataAllocation, mode: safepoint, requested by thread 0x00007fef5800a000


---------------  P R O C E S S  ---------------

Java Threads: ( => current thread )
  0x00007fef59181000 JavaThread "pool-1-thread-1" [_thread_blocked, id=24453, stack(0x00007fef3c066000,0x00007fef3c167000)]
  0x00007fef580c1000 JavaThread "Service Thread" daemon [_thread_blocked, id=24451, stack(0x00007fef3d8c7000,0x00007fef3d9c8000)]
  0x00007fef580b1800 JavaThread "C1 CompilerThread2" daemon [_thread_blocked, id=24450, stack(0x00007fef3d9c8000,0x00007fef3dac9000)]
  0x00007fef580af800 JavaThread "C2 CompilerThread1" daemon [_thread_blocked, id=24449, stack(0x00007fef3dac9000,0x00007fef3dbca000)]
  0x00007fef580ad000 JavaThread "C2 CompilerThread0" daemon [_thread_blocked, id=24448, stack(0x00007fef3dbca000,0x00007fef3dccb000)]
  0x00007fef580aa800 JavaThread "Signal Dispatcher" daemon [_thread_blocked, id=24447, stack(0x00007fef3dccb000,0x00007fef3ddcc000)]
  0x00007fef58083800 JavaThread "Finalizer" daemon [_thread_blocked, id=24446, stack(0x00007fef3e1d8000,0x00007fef3e2d9000)]
  0x00007fef5807f000 JavaThread "Reference Handler" daemon [_thread_blocked, id=24445, stack(0x00007fef3e2d9000,0x00007fef3e3da000)]
  0x00007fef5800a000 JavaThread "main" [_thread_blocked, id=24439, stack(0x00007fef5f3e2000,0x00007fef5f4e3000)]

Other Threads:
=>0x00007fef58077800 VMThread [stack: 0x00007fef3e3da000,0x00007fef3e4db000] [id=24444]
  0x00007fef580c3800 WatcherThread [stack: 0x00007fef3d7c6000,0x00007fef3d8c7000] [id=24452]

VM state:at safepoint (normal execution)

VM Mutex/Monitor currently owned by a thread:  ([mutex/lock_event])
[0x00007fef580061f0] Threads_lock - owner thread: 0x00007fef58077800
[0x00007fef580066f0] Heap_lock - owner thread: 0x00007fef5800a000

Heap:
 PSYoungGen      total 68608K, used 5104K [0x00000000d7300000, 0x00000000dbb00000, 0x0000000100000000)
  eden space 63488K, 0% used [0x00000000d7300000,0x00000000d7300000,0x00000000db100000)
  from space 5120K, 99% used [0x00000000db100000,0x00000000db5fc040,0x00000000db600000)
  to   space 5120K, 0% used [0x00000000db600000,0x00000000db600000,0x00000000dbb00000)
 ParOldGen       total 84992K, used 9328K [0x0000000085800000, 0x000000008ab00000, 0x00000000d7300000)
  object space 84992K, 10% used [0x0000000085800000,0x000000008611c068,0x000000008ab00000)
 Metaspace       used 20898K, capacity 21132K, committed 21296K, reserved 1067008K
  class space    used 2805K, capacity 2901K, committed 2944K, reserved 1048576K

Card table byte_map: [0x00007fef48662000,0x00007fef48a37000] byte_map_base: 0x00007fef48236000

Marking Bits: (ParMarkBitMap*) 0x00007fef5e6b52c0
 Begin Bits: [0x00007fef44290000, 0x00007fef46130000)
 End Bits:   [0x00007fef46130000, 0x00007fef47fd0000)

Polling page: 0x00007fef5f507000

CodeCache: size=245760Kb used=6076Kb max_used=6092Kb free=239683Kb
 bounds [0x00007fef48df7000, 0x00007fef493f7000, 0x00007fef57df7000]
 total_blobs=2009 nmethods=1411 adapters=512
 compilation: enabled

Compilation events (10 events):
Event: 9.331 Thread 0x00007fef580b1800 1415       1       java.security.PermissionCollection::isReadOnly (5 bytes)
Event: 9.331 Thread 0x00007fef580b1800 nmethod 1415 0x00007fef493e7610 code [0x00007fef493e7760, 0x00007fef493e7870]
Event: 9.419 Thread 0x00007fef580af800 1416       4       java.lang.ref.Finalizer::register (10 bytes)
Event: 9.419 Thread 0x00007fef580ad000 1417   !   4       java.lang.ref.Finalizer::add (41 bytes)
Event: 9.482 Thread 0x00007fef580af800 nmethod 1416 0x00007fef493eb650 code [0x00007fef493eb7c0, 0x00007fef493ebb18]
Event: 9.482 Thread 0x00007fef580ad000 nmethod 1417 0x00007fef493ed6d0 code [0x00007fef493ed820, 0x00007fef493edab8]
Event: 9.484 Thread 0x00007fef580af800 1418       4       java.util.jar.Attributes$Name::hashCode (24 bytes)
Event: 9.505 Thread 0x00007fef580af800 nmethod 1418 0x00007fef493e96d0 code [0x00007fef493e9820, 0x00007fef493e9ad8]
Event: 9.522 Thread 0x00007fef580ad000 1419       4       java.lang.AbstractStringBuilder::append (62 bytes)
Event: 9.569 Thread 0x00007fef580ad000 nmethod 1419 0x00007fef493ec950 code [0x00007fef493ecae0, 0x00007fef493ed258]

GC Heap History (9 events):
Event: 0.740 GC heap before
{Heap before GC invocations=1 (full 0):
 PSYoungGen      total 36864K, used 31744K [0x00000000d7300000, 0x00000000d9c00000, 0x0000000100000000)
  eden space 31744K, 100% used [0x00000000d7300000,0x00000000d9200000,0x00000000d9200000)
  from space 5120K, 0% used [0x00000000d9700000,0x00000000d9700000,0x00000000d9c00000)
  to   space 5120K, 0% used [0x00000000d9200000,0x00000000d9200000,0x00000000d9700000)
 ParOldGen       total 84992K, used 0K [0x0000000085800000, 0x000000008ab00000, 0x00000000d7300000)
  object space 84992K, 0% used [0x0000000085800000,0x0000000085800000,0x000000008ab00000)
 Metaspace       used 7965K, capacity 8128K, committed 8320K, reserved 1056768K
  class space    used 1025K, capacity 1088K, committed 1152K, reserved 1048576K
Event: 0.746 GC heap after
Heap after GC invocations=1 (full 0):
 PSYoungGen      total 36864K, used 4830K [0x00000000d7300000, 0x00000000d9c00000, 0x0000000100000000)
  eden space 31744K, 0% used [0x00000000d7300000,0x00000000d7300000,0x00000000d9200000)
  from space 5120K, 94% used [0x00000000d9200000,0x00000000d96b7978,0x00000000d9700000)
  to   space 5120K, 0% used [0x00000000d9700000,0x00000000d9700000,0x00000000d9c00000)
 ParOldGen       total 84992K, used 8K [0x0000000085800000, 0x000000008ab00000, 0x00000000d7300000)
  object space 84992K, 0% used [0x0000000085800000,0x0000000085802000,0x000000008ab00000)
 Metaspace       used 7965K, capacity 8128K, committed 8320K, reserved 1056768K
  class space    used 1025K, capacity 1088K, committed 1152K, reserved 1048576K
}
Event: 1.060 GC heap before
{Heap before GC invocations=2 (full 0):
 PSYoungGen      total 36864K, used 36574K [0x00000000d7300000, 0x00000000d9c00000, 0x0000000100000000)
  eden space 31744K, 100% used [0x00000000d7300000,0x00000000d9200000,0x00000000d9200000)
  from space 5120K, 94% used [0x00000000d9200000,0x00000000d96b7978,0x00000000d9700000)
  to   space 5120K, 0% used [0x00000000d9700000,0x00000000d9700000,0x00000000d9c00000)
 ParOldGen       total 84992K, used 8K [0x0000000085800000, 0x000000008ab00000, 0x00000000d7300000)
  object space 84992K, 0% used [0x0000000085800000,0x0000000085802000,0x000000008ab00000)
 Metaspace       used 10153K, capacity 10424K, committed 10752K, reserved 1058816K
  class space    used 1365K, capacity 1448K, committed 1536K, reserved 1048576K
Event: 1.066 GC heap after
Heap after GC invocations=2 (full 0):
 PSYoungGen      total 36864K, used 4478K [0x00000000d7300000, 0x00000000dbb00000, 0x0000000100000000)
  eden space 31744K, 0% used [0x00000000d7300000,0x00000000d7300000,0x00000000d9200000)
  from space 5120K, 87% used [0x00000000d9700000,0x00000000d9b5fb20,0x00000000d9c00000)
  to   space 5120K, 0% used [0x00000000d9200000,0x00000000d9200000,0x00000000d9700000)
 ParOldGen       total 84992K, used 16K [0x0000000085800000, 0x000000008ab00000, 0x00000000d7300000)
  object space 84992K, 0% used [0x0000000085800000,0x0000000085804000,0x000000008ab00000)
 Metaspace       used 10153K, capacity 10424K, committed 10752K, reserved 1058816K
  class space    used 1365K, capacity 1448K, committed 1536K, reserved 1048576K
}
Event: 1.646 GC heap before
{Heap before GC invocations=3 (full 0):
 PSYoungGen      total 36864K, used 36222K [0x00000000d7300000, 0x00000000dbb00000, 0x0000000100000000)
  eden space 31744K, 100% used [0x00000000d7300000,0x00000000d9200000,0x00000000d9200000)
  from space 5120K, 87% used [0x00000000d9700000,0x00000000d9b5fb20,0x00000000d9c00000)
  to   space 5120K, 0% used [0x00000000d9200000,0x00000000d9200000,0x00000000d9700000)
 ParOldGen       total 84992K, used 16K [0x0000000085800000, 0x000000008ab00000, 0x00000000d7300000)
  object space 84992K, 0% used [0x0000000085800000,0x0000000085804000,0x000000008ab00000)
 Metaspace       used 15624K, capacity 15832K, committed 16128K, reserved 1062912K
  class space    used 2086K, capacity 2184K, committed 2304K, reserved 1048576K
Event: 1.659 GC heap after
Heap after GC invocations=3 (full 0):
 PSYoungGen      total 36864K, used 5088K [0x00000000d7300000, 0x00000000dbb00000, 0x0000000100000000)
  eden space 31744K, 0% used [0x00000000d7300000,0x00000000d7300000,0x00000000d9200000)
  from space 5120K, 99% used [0x00000000d9200000,0x00000000d96f8020,0x00000000d9700000)
  to   space 5120K, 0% used [0x00000000db600000,0x00000000db600000,0x00000000dbb00000)
 ParOldGen       total 84992K, used 3214K [0x0000000085800000, 0x000000008ab00000, 0x00000000d7300000)
  object space 84992K, 3% used [0x0000000085800000,0x0000000085b23b10,0x000000008ab00000)
 Metaspace       used 15624K, capacity 15832K, committed 16128K, reserved 1062912K
  class space    used 2086K, capacity 2184K, committed 2304K, reserved 1048576K
}
Event: 6.281 GC heap before
{Heap before GC invocations=4 (full 0):
 PSYoungGen      total 36864K, used 36832K [0x00000000d7300000, 0x00000000dbb00000, 0x0000000100000000)
  eden space 31744K, 100% used [0x00000000d7300000,0x00000000d9200000,0x00000000d9200000)
  from space 5120K, 99% used [0x00000000d9200000,0x00000000d96f8020,0x00000000d9700000)
  to   space 5120K, 0% used [0x00000000db600000,0x00000000db600000,0x00000000dbb00000)
 ParOldGen       total 84992K, used 3214K [0x0000000085800000, 0x000000008ab00000, 0x00000000d7300000)
  object space 84992K, 3% used [0x0000000085800000,0x0000000085b23b10,0x000000008ab00000)
 Metaspace       used 18945K, capacity 19236K, committed 19584K, reserved 1067008K
  class space    used 2488K, capacity 2571K, committed 2688K, reserved 1048576K
Event: 6.303 GC heap after
Heap after GC invocations=4 (full 0):
 PSYoungGen      total 68608K, used 5088K [0x00000000d7300000, 0x00000000dbb00000, 0x0000000100000000)
  eden space 63488K, 0% used [0x00000000d7300000,0x00000000d7300000,0x00000000db100000)
  from space 5120K, 99% used [0x00000000db600000,0x00000000dbaf8040,0x00000000dbb00000)
  to   space 5120K, 0% used [0x00000000db100000,0x00000000db100000,0x00000000db600000)
 ParOldGen       total 84992K, used 6727K [0x0000000085800000, 0x000000008ab00000, 0x00000000d7300000)
  object space 84992K, 7% used [0x0000000085800000,0x0000000085e91dc0,0x000000008ab00000)
 Metaspace       used 18945K, capacity 19236K, committed 19584K, reserved 1067008K
  class space    used 2488K, capacity 2571K, committed 2688K, reserved 1048576K
}
Event: 9.598 GC heap before
{Heap before GC invocations=5 (full 0):
 PSYoungGen      total 68608K, used 30179K [0x00000000d7300000, 0x00000000dbb00000, 0x0000000100000000)
  eden space 63488K, 39% used [0x00000000d7300000,0x00000000d8b80d00,0x00000000db100000)
  from space 5120K, 99% used [0x00000000db600000,0x00000000dbaf8040,0x00000000dbb00000)
  to   space 5120K, 0% used [0x00000000db100000,0x00000000db100000,0x00000000db600000)
 ParOldGen       total 84992K, used 6727K [0x0000000085800000, 0x000000008ab00000, 0x00000000d7300000)
  object space 84992K, 7% used [0x0000000085800000,0x0000000085e91dc0,0x000000008ab00000)
 Metaspace       used 20898K, capacity 21132K, committed 21296K, reserved 1067008K
  class space    used 2805K, capacity 2901K, committed 2944K, reserved 1048576K

Deoptimization events (10 events):
Event: 5.809 Thread 0x00007fef5800a000 Uncommon trap: reason=unstable_if action=reinterpret pc=0x00007fef49194be8 method=java.util.HashMap.hash(Ljava/lang/Object;)I @ 1
Event: 6.130 Thread 0x00007fef5800a000 Uncommon trap: reason=unstable_if action=reinterpret pc=0x00007fef49013920 method=java.util.HashMap.getNode(ILjava/lang/Object;)Ljava/util/HashMap$Node; @ 53
Event: 6.133 Thread 0x00007fef5800a000 Uncommon trap: reason=unstable_if action=reinterpret pc=0x00007fef49049270 method=java.util.HashMap.hash(Ljava/lang/Object;)I @ 1
Event: 6.133 Thread 0x00007fef5800a000 Uncommon trap: reason=unstable_if action=reinterpret pc=0x00007fef49047fd0 method=java.util.HashMap.putVal(ILjava/lang/Object;Ljava/lang/Object;ZZ)Ljava/lang/Object; @ 85
Event: 6.241 Thread 0x00007fef5800a000 Uncommon trap: reason=class_check action=maybe_recompile pc=0x00007fef4912c684 method=java.lang.reflect.Method.equals(Ljava/lang/Object;)Z @ 5
Event: 6.253 Thread 0x00007fef5800a000 Uncommon trap: reason=class_check action=maybe_recompile pc=0x00007fef4912c684 method=java.lang.reflect.Method.equals(Ljava/lang/Object;)Z @ 5
Event: 7.746 Thread 0x00007fef5800a000 Uncommon trap: reason=unstable_if action=reinterpret pc=0x00007fef490b50f4 method=java.util.LinkedHashMap.afterNodeInsertion(Z)V @ 1
Event: 7.817 Thread 0x00007fef5800a000 Uncommon trap: reason=class_check action=maybe_recompile pc=0x00007fef4912c684 method=java.lang.reflect.Method.equals(Ljava/lang/Object;)Z @ 5
Event: 7.822 Thread 0x00007fef5800a000 Uncommon trap: reason=class_check action=maybe_recompile pc=0x00007fef4912c684 method=java.lang.reflect.Method.equals(Ljava/lang/Object;)Z @ 5
Event: 8.269 Thread 0x00007fef5800a000 Uncommon trap: reason=class_check action=maybe_recompile pc=0x00007fef491026e8 method=sun.misc.URLClassPath.getLoader(I)Lsun/misc/URLClassPath$Loader; @ 94

Internal exceptions (10 events):
Event: 8.380 Thread 0x00007fef5800a000 Exception <a 'java/lang/ClassNotFoundException': org/gradle/api/internal/project/ProjectScriptCustomizer> (0x00000000d80dfc58) thrown at [/build/openjdk-8-ugc2Ph/openjdk-8-8u131-b11/src/hotspot/src/share/vm/classfile/systemDictionary.cpp, line 210]
Event: 8.383 Thread 0x00007fef5800a000 Exception <a 'java/lang/ClassNotFoundException': build_3tcnmatysscu838ayx5se19sqCustomizer> (0x00000000d80ff040) thrown at [/build/openjdk-8-ugc2Ph/openjdk-8-8u131-b11/src/hotspot/src/share/vm/classfile/systemDictionary.cpp, line 210]
Event: 8.410 Thread 0x00007fef5800a000 Exception <a 'java/lang/ClassNotFoundException': groovy/lang/Closure$1BeanInfo> (0x00000000d814ce60) thrown at [/build/openjdk-8-ugc2Ph/openjdk-8-8u131-b11/src/hotspot/src/share/vm/classfile/systemDictionary.cpp, line 210]
Event: 8.410 Thread 0x00007fef5800a000 Exception <a 'java/lang/ClassNotFoundException': groovy/lang/ClosureBeanInfo> (0x00000000d8162ce8) thrown at [/build/openjdk-8-ugc2Ph/openjdk-8-8u131-b11/src/hotspot/src/share/vm/classfile/systemDictionary.cpp, line 210]
Event: 8.411 Thread 0x00007fef5800a000 Exception <a 'java/lang/ClassNotFoundException': groovy/lang/ClosureCustomizer> (0x00000000d8179420) thrown at [/build/openjdk-8-ugc2Ph/openjdk-8-8u131-b11/src/hotspot/src/share/vm/classfile/systemDictionary.cpp, line 210]
Event: 8.414 Thread 0x00007fef5800a000 Exception <a 'java/lang/ClassNotFoundException': groovy/lang/Closure$1Customizer> (0x00000000d81b8ec0) thrown at [/build/openjdk-8-ugc2Ph/openjdk-8-8u131-b11/src/hotspot/src/share/vm/classfile/systemDictionary.cpp, line 210]
Event: 9.261 Thread 0x00007fef5800a000 Exception <a 'java/lang/ClassNotFoundException': org/gradle/internal/metaobject/ConfigureDelegateBeanInfo> (0x00000000d846f658) thrown at [/build/openjdk-8-ugc2Ph/openjdk-8-8u131-b11/src/hotspot/src/share/vm/classfile/systemDictionary.cpp, line 210]
Event: 9.261 Thread 0x00007fef5800a000 Exception <a 'java/lang/ClassNotFoundException': org/gradle/internal/metaobject/ConfigureDelegateCustomizer> (0x00000000d8490908) thrown at [/build/openjdk-8-ugc2Ph/openjdk-8-8u131-b11/src/hotspot/src/share/vm/classfile/systemDictionary.cpp, line 210]
Event: 9.317 Thread 0x00007fef5800a000 Exception <a 'java/lang/ClassNotFoundException': org/gradle/api/internal/initialization/DefaultScriptHandlerBeanInfo> (0x00000000d84ef4e0) thrown at [/build/openjdk-8-ugc2Ph/openjdk-8-8u131-b11/src/hotspot/src/share/vm/classfile/systemDictionary.cpp, line
Event: 9.317 Thread 0x00007fef5800a000 Exception <a 'java/lang/ClassNotFoundException': org/gradle/api/internal/initialization/DefaultScriptHandlerCustomizer> (0x00000000d8517178) thrown at [/build/openjdk-8-ugc2Ph/openjdk-8-8u131-b11/src/hotspot/src/share/vm/classfile/systemDictionary.cpp, li

Events (10 events):
Event: 9.572 loading class java/lang/ProcessImpl
Event: 9.576 loading class java/lang/ProcessImpl done
Event: 9.576 loading class java/lang/UNIXProcess
Event: 9.579 loading class java/lang/UNIXProcess done
Event: 9.580 loading class java/lang/UNIXProcess$Platform
Event: 9.583 loading class java/lang/UNIXProcess$Platform done
Event: 9.583 loading class java/lang/UNIXProcess$LaunchMechanism
Event: 9.583 loading class java/lang/UNIXProcess$LaunchMechanism done
Event: 9.588 loading class java/util/RegularEnumSet
Event: 9.596 Executing VM operation: CollectForMetadataAllocation


Dynamic libraries:
85800000-8ab00000 rw-p 00000000 00:00 0 
8ab00000-d7300000 ---p 00000000 00:00 0 
d7300000-dbb00000 rw-p 00000000 00:00 0 
e0300000-100000000 ---p 00000000 00:00 0 
100000000-1002e0000 rw-p 00000000 00:00 0 
1002e0000-140000000 ---p 00000000 00:00 0 
55f2274a1000-55f2274a2000 r-xp 00000000 08:02 1725568                    /usr/lib/jvm/java-8-openjdk-amd64/jre/bin/java
55f2276a1000-55f2276a2000 r--p 00000000 08:02 1725568                    /usr/lib/jvm/java-8-openjdk-amd64/jre/bin/java
55f2276a2000-55f2276a3000 rw-p 00001000 08:02 1725568                    /usr/lib/jvm/java-8-openjdk-amd64/jre/bin/java
55f227b11000-55f227b32000 rw-p 00000000 00:00 0                          [heap]
7fef00000000-7fef00021000 rw-p 00000000 00:00 0 
7fef00021000-7fef04000000 ---p 00000000 00:00 0 
7fef08000000-7fef08021000 rw-p 00000000 00:00 0 
7fef08021000-7fef0c000000 ---p 00000000 00:00 0 
7fef0c000000-7fef0c021000 rw-p 00000000 00:00 0 
7fef0c021000-7fef10000000 ---p 00000000 00:00 0 
7fef10000000-7fef12001000 rw-p 00000000 00:00 0 
7fef12001000-7fef14000000 ---p 00000000 00:00 0 
7fef14000000-7fef145af000 rw-p 00000000 00:00 0 
7fef145af000-7fef18000000 ---p 00000000 00:00 0 
7fef18000000-7fef18021000 rw-p 00000000 00:00 0 
7fef18021000-7fef1c000000 ---p 00000000 00:00 0 
7fef1c000000-7fef1e393000 rw-p 00000000 00:00 0 
7fef1e393000-7fef20000000 ---p 00000000 00:00 0 
7fef20000000-7fef20021000 rw-p 00000000 00:00 0 
7fef20021000-7fef24000000 ---p 00000000 00:00 0 
7fef24000000-7fef24021000 rw-p 00000000 00:00 0 
7fef24021000-7fef28000000 ---p 00000000 00:00 0 
7fef28000000-7fef28021000 rw-p 00000000 00:00 0 
7fef28021000-7fef2c000000 ---p 00000000 00:00 0 
7fef2c000000-7fef2c277000 rw-p 00000000 00:00 0 
7fef2c277000-7fef30000000 ---p 00000000 00:00 0 
7fef30000000-7fef30021000 rw-p 00000000 00:00 0 
7fef30021000-7fef34000000 ---p 00000000 00:00 0 
7fef347ff000-7fef349eb000 rw-p 00000000 00:00 0 
7fef349eb000-7fef349ff000 ---p 00000000 00:00 0 
7fef349ff000-7fef34bff000 rw-p 00000000 00:00 0 
7fef34bff000-7fef34dff000 rw-p 00000000 00:00 0 
7fef34dff000-7fef34fff000 rw-p 00000000 00:00 0 
7fef34fff000-7fef38000000 rw-p 00000000 00:00 0 
7fef38000000-7fef38021000 rw-p 00000000 00:00 0 
7fef38021000-7fef3c000000 ---p 00000000 00:00 0 
7fef3c066000-7fef3c069000 ---p 00000000 00:00 0 
7fef3c069000-7fef3c167000 rw-p 00000000 00:00 0 
7fef3c167000-7fef3c1e0000 r--s 010fd000 08:02 1853118                    /usr/lib/jvm/java-8-openjdk-amd64/lib/tools.jar
7fef3c1e0000-7fef3c3e0000 rw-p 00000000 00:00 0 
7fef3c3e0000-7fef3c3e2000 r--s 00007000 08:02 3024535                    /home/evans/.gradle/wrapper/dists/gradle-2.14.1-all/8bnwg5hd3w55iofp58khbp6yv/gradle-2.14.1/lib/plugins/gradle-tooling-api-builders-2.14.1.jar
7fef3c3e2000-7fef3c3e5000 r--s 00008000 08:02 3024528                    /home/evans/.gradle/wrapper/dists/gradle-2.14.1-all/8bnwg5hd3w55iofp58khbp6yv/gradle-2.14.1/lib/plugins/gradle-testing-native-2.14.1.jar
7fef3c3e5000-7fef3c3e7000 r--s 00009000 08:02 3024607                    /home/evans/.gradle/wrapper/dists/gradle-2.14.1-all/8bnwg5hd3w55iofp58khbp6yv/gradle-2.14.1/lib/plugins/hamcrest-core-1.3.jar
7fef3c3e7000-7fef3c3ed000 r--s 00033000 08:02 3024601                    /home/evans/.gradle/wrapper/dists/gradle-2.14.1-all/8bnwg5hd3w55iofp58khbp6yv/gradle-2.14.1/lib/plugins/snakeyaml-1.6.jar
7fef3c3ed000-7fef3c3ef000 r--s 00006000 08:02 3024600                    /home/evans/.gradle/wrapper/dists/gradle-2.14.1-all/8bnwg5hd3w55iofp58khbp6yv/gradle-2.14.1/lib/plugins/jcommander-1.12.jar
7fef3c3ef000-7fef3c3f4000 r--s 00040000 08:02 3024599                    /home/evans/.gradle/wrapper/dists/gradle-2.14.1-all/8bnwg5hd3w55iofp58khbp6yv/gradle-2.14.1/lib/plugins/bsh-2.0b4.jar
7fef3c3f4000-7fef3c3fd000 r--s 00089000 08:02 3024558                    /home/evans/.gradle/wrapper/dists/gradle-2.14.1-all/8bnwg5hd3w55iofp58khbp6yv/gradle-2.14.1/lib/plugins/testng-6.3.1.jar
7fef3c3fd000-7fef3c405000 r--s 00045000 08:02 3024557                    /home/evans/.gradle/wrapper/dists/gradle-2.14.1-all/8bnwg5hd3w55iofp58khbp6yv/gradle-2.14.1/lib/plugins/junit-4.12.jar
7fef3c405000-7fef3c40b000 r--s 0002e000 08:02 3024529                    /home/evans/.gradle/wrapper/dists/gradle-2.14.1-all/8bnwg5hd3w55iofp58khbp6yv/gradle-2.14.1/lib/plugins/gradle-testing-jvm-2.14.1.jar
7fef3c40b000-7fef3c410000 r--s 00015000 08:02 3024527                    /home/evans/.gradle/wrapper/dists/gradle-2.14.1-all/8bnwg5hd3w55iofp58khbp6yv/gradle-2.14.1/lib/plugins/gradle-testing-base-2.14.1.jar
7fef3c410000-7fef3c411000 r--s 00002000 08:02 3024551                    /home/evans/.gradle/wrapper/dists/gradle-2.14.1-all/8bnwg5hd3w55iofp58khbp6yv/gradle-2.14.1/lib/plugins/sonar-batch-bootstrapper-2.9.jar
7fef3c411000-7fef3c414000 r--s 00015000 08:02 3024505                    /home/evans/.gradle/wrapper/dists/gradle-2.14.1-all/8bnwg5hd3w55iofp58khbp6yv/gradle-2.14.1/lib/plugins/gradle-sonar-2.14.1.jar
7fef3c414000-7fef3c41b000 r--s 00038000 08:02 3024552                    /home/evans/.gradle/wrapper/dists/gradle-2.14.1-all/8bnwg5hd3w55iofp58khbp6yv/gradle-2.14.1/lib/plugins/bcpg-jdk15on-1.51.jar
7fef3c41b000-7fef3c41d000 r--s 0000d000 08:02 3024506                    /home/evans/.gradle/wrapper/dists/gradle-2.14.1-all/8bnwg5hd3w55iofp58khbp6yv/gradle-2.14.1/lib/plugins/gradle-signing-2.14.1.jar
7fef3c41d000-7fef3c420000 r--s 00009000 08:02 3024504                    /home/evans/.gradle/wrapper/dists/gradle-2.14.1-all/8bnwg5hd3w55iofp58khbp6yv/gradle-2.14.1/lib/plugins/gradle-scala-2.14.1.jar
7fef3c420000-7fef3c421000 r--s 00004000 08:02 3024533                    /home/evans/.gradle/wrapper/dists/gradle-2.14.1-all/8bnwg5hd3w55iofp58khbp6yv/gradle-2.14.1/lib/plugins/gradle-resources-sftp-2.14.1.jar
7fef3c421000-7fef3c431000 r--s 00088000 08:02 3024568                    /home/evans/.gradle/wrapper/dists/gradle-2.14.1-all/8bnwg5hd3w55iofp58khbp6yv/gradle-2.14.1/lib/plugins/joda-time-2.8.2.jar
7fef3c431000-7fef3c442000 r--s 000cf000 08:02 3024567                    /home/evans/.gradle/wrapper/dists/gradle-2.14.1-all/8bnwg5hd3w55iofp58khbp6yv/gradle-2.14.1/lib/plugins/jackson-databind-2.3.2.jar
7fef3c442000-7fef3c444000 r--s 00007000 08:02 3024566                    /home/evans/.gradle/wrapper/dists/gradle-2.14.1-all/8bnwg5hd3w55iofp58khbp6yv/gradle-2.14.1/lib/plugins/jackson-annotations-2.3.2.jar
7fef3c444000-7fef3c447000 r--s 0002e000 08:02 3024565                    /home/evans/.gradle/wrapper/dists/gradle-2.14.1-all/8bnwg5hd3w55iofp58khbp6yv/gradle-2.14.1/lib/plugins/jackson-core-2.3.2.jar
7fef3c447000-7fef3c452000 r--s 0006b000 08:02 3024564                    /home/evans/.gradle/wrapper/dists/gradle-2.14.1-all/8bnwg5hd3w55iofp58khbp6yv/gradle-2.14.1/lib/plugins/aws-java-sdk-core-1.9.19.jar
7fef3c452000-7fef3c458000 r--s 00036000 08:02 3024563                    /home/evans/.gradle/wrapper/dists/gradle-2.14.1-all/8bnwg5hd3w55iofp58khbp6yv/gradle-2.14.1/lib/plugins/aws-java-sdk-kms-1.9.19.jar
7fef3c458000-7fef3c463000 r--s 00079000 08:02 3024562                    /home/evans/.gradle/wrapper/dists/gradle-2.14.1-all/8bnwg5hd3w55iofp58khbp6yv/gradle-2.14.1/lib/plugins/aws-java-sdk-s3-1.9.19.jar
7fef3c463000-7fef3c464000 r--s 00003000 08:02 3024534                    /home/evans/.gradle/wrapper/dists/gradle-2.14.1-all/8bnwg5hd3w55iofp58khbp6yv/gradle-2.14.1/lib/plugins/gradle-resources-s3-2.14.1.jar
7fef3c464000-7fef3c466000 r--s 00005000 08:02 3024556                    /home/evans/.gradle/wrapper/dists/gradle-2.14.1-all/8bnwg5hd3w55iofp58khbp6yv/gradle-2.14.1/lib/plugins/jatl-0.2.2.jar
7fef3c466000-7fef3c468000 r--s 0000f000 08:02 3024511                    /home/evans/.gradle/wrapper/dists/gradle-2.14.1-all/8bnwg5hd3w55iofp58khbp6yv/gradle-2.14.1/lib/plugins/gradle-reporting-2.14.1.jar
7fef3c468000-7fef3c46a000 r--s 00002000 08:02 3024512                    /home/evans/.gradle/wrapper/dists/gradle-2.14.1-all/8bnwg5hd3w55iofp58khbp6yv/gradle-2.14.1/lib/plugins/gradle-publish-2.14.1.jar
7fef3c46a000-7fef3c46c000 r--s 00009000 08:02 3024538                    /home/evans/.gradle/wrapper/dists/gradle-2.14.1-all/8bnwg5hd3w55iofp58khbp6yv/gradle-2.14.1/lib/plugins/commons-cli-1.2.jar
7fef3c46c000-7fef3c472000 r--s 00033000 08:02 3024496                    /home/evans/.gradle/wrapper/dists/gradle-2.14.1-all/8bnwg5hd3w55iofp58khbp6yv/gradle-2.14.1/lib/plugins/gradle-plugins-2.14.1.jar
7fef3c472000-7fef3c474000 r--s 00007000 08:02 3024530                    /home/evans/.gradle/wrapper/dists/gradle-2.14.1-all/8bnwg5hd3w55iofp58khbp6yv/gradle-2.14.1/lib/plugins/gradle-plugin-development-2.14.1.jar
7fef3c474000-7fef3c47a000 r--s 0002a000 08:02 3024523                    /home/evans/.gradle/wrapper/dists/gradle-2.14.1-all/8bnwg5hd3w55iofp58khbp6yv/gradle-2.14.1/lib/plugins/gradle-platform-play-2.14.1.jar
7fef3c47a000-7fef3c487000 r--s 0004d000 08:02 3024522                    /home/evans/.gradle/wrapper/dists/gradle-2.14.1-all/8bnwg5hd3w55iofp58khbp6yv/gradle-2.14.1/lib/plugins/gradle-platform-native-2.14.1.jar
7fef3c487000-7fef3c48b000 r--s 0001a000 08:02 3024517                    /home/evans/.gradle/wrapper/dists/gradle-2.14.1-all/8bnwg5hd3w55iofp58khbp6yv/gradle-2.14.1/lib/plugins/gradle-platform-jvm-2.14.1.jar
7fef3c48b000-7fef3c492000 r--s 00029000 08:02 3024516                    /home/evans/.gradle/wrapper/dists/gradle-2.14.1-all/8bnwg5hd3w55iofp58khbp6yv/gradle-2.14.1/lib/plugins/gradle-platform-base-2.14.1.jar
7fef3c492000-7fef3c4b3000 r--s 001c3000 08:02 3024546                    /home/evans/.gradle/wrapper/dists/gradle-2.14.1-all/8bnwg5hd3w55iofp58khbp6yv/gradle-2.14.1/lib/plugins/bndlib-2.4.0.jar
7fef3c4b3000-7fef3c4b5000 r--s 00003000 08:02 3024500                    /home/evans/.gradle/wrapper/dists/gradle-2.14.1-all/8bnwg5hd3w55iofp58khbp6yv/gradle-2.14.1/lib/plugins/gradle-osgi-2.14.1.jar
7fef3c4b5000-7fef3c4b8000 r--s 0000c000 08:02 3024549                    /home/evans/.gradle/wrapper/dists/gradle-2.14.1-all/8bnwg5hd3w55iofp58khbp6yv/gradle-2.14.1/lib/plugins/pmaven-groovy-0.8-20100325.jar
7fef3c4b8000-7fef3c4b9000 r--s 00004000 08:02 3024548                    /home/evans/.gradle/wrapper/dists/gradle-2.14.1-all/8bnwg5hd3w55iofp58khbp6yv/gradle-2.14.1/lib/plugins/pmaven-common-0.8-20100325.jar
7fef3c4b9000-7fef3c4bf000 r--s 00022000 08:02 3024501                    /home/evans/.gradle/wrapper/dists/gradle-2.14.1-all/8bnwg5hd3w55iofp58khbp6yv/gradle-2.14.1/lib/plugins/gradle-maven-2.14.1.jar
7fef3c4bf000-7fef3c4c1000 r--s 0000a000 08:02 3024521                    /home/evans/.gradle/wrapper/dists/gradle-2.14.1-all/8bnwg5hd3w55iofp58khbp6yv/gradle-2.14.1/lib/plugins/gradle-language-scala-2.14.1.jar
7fef3c4c1000-7fef3c4c7000 r--s 0001a000 08:02 3024525                    /home/evans/.gradle/wrapper/dists/gradle-2.14.1-all/8bnwg5hd3w55iofp58khbp6yv/gradle-2.14.1/lib/plugins/gradle-language-native-2.14.1.jar
7fef3c4c7000-7fef3c4c9000 r--s 00008000 08:02 3024518                    /home/evans/.gradle/wrapper/dists/gradle-2.14.1-all/8bnwg5hd3w55iofp58khbp6yv/gradle-2.14.1/lib/plugins/gradle-language-jvm-2.14.1.jar
7fef3c4c9000-7fef3c4cf000 r--s 00024000 08:02 3024519                    /home/evans/.gradle/wrapper/dists/gradle-2.14.1-all/8bnwg5hd3w55iofp58khbp6yv/gradle-2.14.1/lib/plugins/gradle-language-java-2.14.1.jar
7fef3c4cf000-7fef3c4d1000 r--s 0000a000 08:02 3024520                    /home/evans/.gradle/wrapper/dists/gradle-2.14.1-all/8bnwg5hd3w55iofp58khbp6yv/gradle-2.14.1/lib/plugins/gradle-language-groovy-2.14.1.jar
7fef3c4d1000-7fef3c4d4000 r--s 0001e000 08:02 3024574                    /home/evans/.gradle/wrapper/dists/gradle-2.14.1-all/8bnwg5hd3w55iofp58khbp6yv/gradle-2.14.1/lib/plugins/jsp-api-2.1-6.1.14.jar
7fef3c4d4000-7fef3c4f7000 r--s 00344000 08:02 3024573                    /home/evans/.gradle/wrapper/dists/gradle-2.14.1-all/8bnwg5hd3w55iofp58khbp6yv/gradle-2.14.1/lib/plugins/core-3.1.1.jar
7fef3c4f7000-7fef3c4f8000 r--s 00006000 08:02 3024572                    /home/evans/.gradle/wrapper/dists/gradle-2.14.1-all/8bnwg5hd3w55iofp58khbp6yv/gradle-2.14.1/lib/plugins/jetty-naming-6.1.25.jar
7fef3c4f8000-7fef3c4f9000 r--s 00002000 08:02 3024545                    /home/evans/.gradle/wrapper/dists/gradle-2.14.1-all/8bnwg5hd3w55iofp58khbp6yv/gradle-2.14.1/lib/plugins/geronimo-annotation_1.0_spec-1.0.jar
7fef3c4f9000-7fef3c4fb000 r--s 00002000 08:02 3024544                    /home/evans/.gradle/wrapper/dists/gradle-2.14.1-all/8bnwg5hd3w55iofp58khbp6yv/gradle-2.14.1/lib/plugins/jetty-annotations-6.1.25.jar
7fef3c4fb000-7fef3c50c000 r--s 000ea000 08:02 3024543                    /home/evans/.gradle/wrapper/dists/gradle-2.14.1-all/8bnwg5hd3w55iofp58khbp6yv/gradle-2.14.1/lib/plugins/jsp-2.1-6.1.14.jar
7fef3c50c000-7fef3c50e000 r--s 0000d000 08:02 3024542                    /home/evans/.gradle/wrapper/dists/gradle-2.14.1-all/8bnwg5hd3w55iofp58khbp6yv/gradle-2.14.1/lib/plugins/jetty-plus-6.1.25.jar
7fef3c50e000-7fef3c510000 r--s 0001f000 08:02 3024541                    /home/evans/.gradle/wrapper/dists/gradle-2.14.1-all/8bnwg5hd3w55iofp58khbp6yv/gradle-2.14.1/lib/plugins/servlet-api-2.5-20081211.jar
7fef3c510000-7fef3c514000 r--s 00028000 08:02 3024540                    /home/evans/.gradle/wrapper/dists/gradle-2.14.1-all/8bnwg5hd3w55iofp58khbp6yv/gradle-2.14.1/lib/plugins/jetty-util-6.1.25.jar
7fef3c514000-7fef3c51b000 r--s 0007d000 08:02 3024539                    /home/evans/.gradle/wrapper/dists/gradle-2.14.1-all/8bnwg5hd3w55iofp58khbp6yv/gradle-2.14.1/lib/plugins/jetty-6.1.25.jar
7fef3c51b000-7fef3c51d000 r--s 00009000 08:02 3024498                    /home/evans/.gradle/wrapper/dists/gradle-2.14.1-all/8bnwg5hd3w55iofp58khbp6yv/gradle-2.14.1/lib/plugins/gradle-jetty-2.14.1.jar
7fef3c51d000-7fef3c524000 r--s 00035000 08:02 3024555                    /home/evans/.gradle/wrapper/dists/gradle-2.14.1-all/8bnwg5hd3w55iofp58khbp6yv/gradle-2.14.1/lib/plugins/simple-4.1.21.jar
7fef3c524000-7fef3c530000 r--s 00100000 08:02 3024553                    /home/evans/.gradle/wrapper/dists/gradle-2.14.1-all/8bnwg5hd3w55iofp58khbp6yv/gradle-2.14.1/lib/plugins/rhino-1.7R3.jar
7fef3c530000-7fef3c534000 r--s 00011000 08:02 3024508                    /home/evans/.gradle/wrapper/dists/gradle-2.14.1-all/8bnwg5hd3w55iofp58khbp6yv/gradle-2.14.1/lib/plugins/gradle-javascript-2.14.1.jar
7fef3c534000-7fef3c536000 r--s 0000c000 08:02 3024514                    /home/evans/.gradle/wrapper/dists/gradle-2.14.1-all/8bnwg5hd3w55iofp58khbp6yv/gradle-2.14.1/lib/plugins/gradle-jacoco-2.14.1.jar
7fef3c536000-7fef3c539000 r--s 0000e000 08:02 3024513                    /home/evans/.gradle/wrapper/dists/gradle-2.14.1-all/8bnwg5hd3w55iofp58khbp6yv/gradle-2.14.1/lib/plugins/gradle-ivy-2.14.1.jar
7fef3c539000-7fef3c53a000 r--s 00002000 08:02 3024524                    /home/evans/.gradle/wrapper/dists/gradle-2.14.1-all/8bnwg5hd3w55iofp58khbp6yv/gradle-2.14.1/lib/plugins/gradle-ide-play-2.14.1.jar
7fef3c53a000-7fef3c53f000 r--s 0002b000 08:02 3024526                    /home/evans/.gradle/wrapper/dists/gradle-2.14.1-all/8bnwg5hd3w55iofp58khbp6yv/gradle-2.14.1/lib/plugins/gradle-ide-native-2.14.1.jar
7fef3c53f000-7fef3c54a000 r--s 00066000 08:02 3024502                    /home/evans/.gradle/wrapper/dists/gradle-2.14.1-all/8bnwg5hd3w55iofp58khbp6yv/gradle-2.14.1/lib/plugins/gradle-ide-2.14.1.jar
7fef3c54a000-7fef3c54b000 r--s 00008000 08:02 3024507                    /home/evans/.gradle/wrapper/dists/gradle-2.14.1-all/8bnwg5hd3w55iofp58khbp6yv/gradle-2.14.1/lib/plugins/gradle-ear-2.14.1.jar
7fef3c54b000-7fef3c551000 r--s 00032000 08:02 3024510                    /home/evans/.gradle/wrapper/dists/gradle-2.14.1-all/8bnwg5hd3w55iofp58khbp6yv/gradle-2.14.1/lib/plugins/gradle-diagnostics-2.14.1.jar
7fef3c551000-7fef3c555000 r--s 00021000 08:02 3024497                    /home/evans/.gradle/wrapper/dists/gradle-2.14.1-all/8bnwg5hd3w55iofp58khbp6yv/gradle-2.14.1/lib/plugins/gradle-code-quality-2.14.1.jar
7fef3c555000-7fef3c559000 r--s 0001f000 08:02 3024515                    /home/evans/.gradle/wrapper/dists/gradle-2.14.1-all/8bnwg5hd3w55iofp58khbp6yv/gradle-2.14.1/lib/plugins/gradle-build-init-2.14.1.jar
7fef3c559000-7fef3c560000 r--s 0008e000 08:02 3024509                    /home/evans/.gradle/wrapper/dists/gradle-2.14.1-all/8bnwg5hd3w55iofp58khbp6yv/gradle-2.14.1/lib/plugins/gradle-build-comparison-2.14.1.jar
7fef3c560000-7fef3c562000 r--s 00008000 08:02 3024499                    /home/evans/.gradle/wrapper/dists/gradle-2.14.1-all/8bnwg5hd3w55iofp58khbp6yv/gradle-2.14.1/lib/plugins/gradle-antlr-2.14.1.jar
7fef3c562000-7fef3c564000 r--s 00004000 08:02 3024503                    /home/evans/.gradle/wrapper/dists/gradle-2.14.1-all/8bnwg5hd3w55iofp58khbp6yv/gradle-2.14.1/lib/plugins/gradle-announce-2.14.1.jar
7fef3c564000-7fef3c57c000 r--s 00115000 08:02 3024604                    /home/evans/.gradle/wrapper/dists/gradle-2.14.1-all/8bnwg5hd3w55iofp58khbp6yv/gradle-2.14.1/lib/plugins/xercesImpl-2.9.1.jar
7fef3c57c000-7fef3c584000 r--s 00028000 08:02 3024605                    /home/evans/.gradle/wrapper/dists/gradle-2.14.1-all/8bnwg5hd3w55iofp58khbp6yv/gradle-2.14.1/lib/plugins/xml-apis-1.3.04.jar
7fef3c584000-7fef3c58a000 r--s 0005b000 08:02 3024603                    /home/evans/.gradle/wrapper/dists/gradle-2.14.1-all/8bnwg5hd3w55iofp58khbp6yv/gradle-2.14.1/lib/plugins/jcifs-1.3.17.jar
7fef3c58a000-7fef3c591000 r--s 00049000 08:02 3024602                    /home/evans/.gradle/wrapper/dists/gradle-2.14.1-all/8bnwg5hd3w55iofp58khbp6yv/gradle-2.14.1/lib/plugins/httpcore-4.4.4.jar
7fef3c591000-7fef3c597000 r--s 00033000 08:02 3024550                    /home/evans/.gradle/wrapper/dists/gradle-2.14.1-all/8bnwg5hd3w55iofp58khbp6yv/gradle-2.14.1/lib/plugins/commons-codec-1.6.jar
7fef3c597000-7fef3c59a000 r--s 0001c000 08:02 3024560                    /home/evans/.gradle/wrapper/dists/gradle-2.14.1-all/8bnwg5hd3w55iofp58khbp6yv/gradle-2.14.1/lib/plugins/nekohtml-1.9.14.jar
7fef3c59a000-7fef3c5a7000 r--s 000a4000 08:02 3024559                    /home/evans/.gradle/wrapper/dists/gradle-2.14.1-all/8bnwg5hd3w55iofp58khbp6yv/gradle-2.14.1/lib/plugins/httpclient-4.4.1.jar
7fef3c5a7000-7fef3c5a9000 r--s 0000a000 08:02 3024532                    /home/evans/.gradle/wrapper/dists/gradle-2.14.1-all/8bnwg5hd3w55iofp58khbp6yv/gradle-2.14.1/lib/plugins/gradle-resources-http-2.14.1.jar
7fef3c5a9000-7fef3c5ad000 r--s 00014000 08:02 3024531                    /home/evans/.gradle/wrapper/dists/gradle-2.14.1-all/8bnwg5hd3w55iofp58khbp6yv/gradle-2.14.1/lib/plugins/gradle-plugin-use-2.14.1.jar
7fef3c5ad000-7fef3c5ae000 r--s 00000000 08:02 3024447                    /home/evans/.gradle/wrapper/dists/gradle-2.14.1-all/8bnwg5hd3w55iofp58khbp6yv/gradle-2.14.1/lib/gradle-installation-beacon-2.14.1.jar
7fef3c5ae000-7fef3c5af000 r--s 00007000 08:02 3024598                    /home/evans/.gradle/wrapper/dists/gradle-2.14.1-all/8bnwg5hd3w55iofp58khbp6yv/gradle-2.14.1/lib/plugins/wagon-http-shared4-2.4.jar
7fef3c5af000-7fef3c5b3000 r--s 00033000 08:02 3024597                    /home/evans/.gradle/wrapper/dists/gradle-2.14.1-all/8bnwg5hd3w55iofp58khbp6yv/gradle-2.14.1/lib/plugins/plexus-utils-2.0.6.jar
7fef3c5b3000-7fef3c5b7000 r--s 00021000 08:02 3024596                    /home/evans/.gradle/wrapper/dists/gradle-2.14.1-all/8bnwg5hd3w55iofp58khbp6yv/gradle-2.14.1/lib/plugins/maven-model-builder-3.0.4.jar
7fef3c5b7000-7fef3c5b8000 r--s 00002000 08:02 3024595                    /home/evans/.gradle/wrapper/dists/gradle-2.14.1-all/8bnwg5hd3w55iofp58khbp6yv/gradle-2.14.1/lib/plugins/wagon-file-2.4.jar
7fef3c5b8000-7fef3c5ba000 r--s 00002000 08:02 3024594                    /home/evans/.gradle/wrapper/dists/gradle-2.14.1-all/8bnwg5hd3w55iofp58khbp6yv/gradle-2.14.1/lib/plugins/plexus-cipher-1.7.jar
7fef3c5ba000-7fef3c5bd000 r--s 00013000 08:02 3024593                    /home/evans/.gradle/wrapper/dists/gradle-2.14.1-all/8bnwg5hd3w55iofp58khbp6yv/gradle-2.14.1/lib/plugins/aether-api-1.13.1.jar
7fef3c5bd000-7fef3c5bf000 r--s 0000a000 08:02 3024592                    /home/evans/.gradle/wrapper/dists/gradle-2.14.1-all/8bnwg5hd3w55iofp58khbp6yv/gradle-2.14.1/lib/plugins/maven-settings-3.0.4.jar
7fef3c5bf000-7fef3c5c1000 r--s 0000d000 08:02 3024591                    /home/evans/.gradle/wrapper/dists/gradle-2.14.1-all/8bnwg5hd3w55iofp58khbp6yv/gradle-2.14.1/lib/plugins/plexus-interpolation-1.14.jar
7fef3c5c1000-7fef3c5c3000 r--s 0000b000 08:02 3024590                    /home/evans/.gradle/wrapper/dists/gradle-2.14.1-all/8bnwg5hd3w55iofp58khbp6yv/gradle-2.14.1/lib/plugins/maven-artifact-3.0.4.jar
7fef3c5c3000-7fef3c5ca000 r--s 0002e000 08:02 3024589                    /home/evans/.gradle/wrapper/dists/gradle-2.14.1-all/8bnwg5hd3w55iofp58khbp6yv/gradle-2.14.1/lib/plugins/plexus-container-default-1.5.5.jar
7fef3c5ca000-7fef3c5cc000 r--s 0000b000 08:02 3024588                    /home/evans/.gradle/wrapper/dists/gradle-2.14.1-all/8bnwg5hd3w55iofp58khbp6yv/gradle-2.14.1/lib/plugins/maven-plugin-api-3.0.4.jar
7fef3c5cc000-7fef3c5ce000 r--s 00000000 08:02 3024606                    /home/evans/.gradle/wrapper/dists/gradle-2.14.1-all/8bnwg5hd3w55iofp58khbp6yv/gradle-2.14.1/lib/plugins/plexus-component-annotations-1.5.5.jar
7fef3c5ce000-7fef3c5d4000 r--s 0003f000 08:02 3024587                    /home/evans/.gradle/wrapper/dists/gradle-2.14.1-all/8bnwg5hd3w55iofp58khbp6yv/gradle-2.14.1/lib/plugins/maven-compat-3.0.4.jar
7fef3c5d4000-7fef3c5d7000 r--s 00008000 08:02 3024586                    /home/evans/.gradle/wrapper/dists/gradle-2.14.1-all/8bnwg5hd3w55iofp58khbp6yv/gradle-2.14.1/lib/plugins/maven-settings-builder-3.0.4.jar
7fef3c5d7000-7fef3c5d8000 r--s 00002000 08:02 3024585                    /home/evans/.gradle/wrapper/dists/gradle-2.14.1-all/8bnwg5hd3w55iofp58khbp6yv/gradle-2.14.1/lib/plugins/wagon-http-2.4.jar
7fef3c5d8000-7fef3c5da000 r--s 00026000 08:02 3024584                    /home/evans/.gradle/wrapper/dists/gradle-2.14.1-all/8bnwg5hd3w55iofp58khbp6yv/gradle-2.14.1/lib/plugins/maven-model-3.0.4.jar
7fef3c5da000-7fef3c5dc000 r--s 00006000 08:02 3024583                    /home/evans/.gradle/wrapper/dists/gradle-2.14.1-all/8bnwg5hd3w55iofp58khbp6yv/gradle-2.14.1/lib/plugins/aether-connector-wagon-1.13.1.jar
7fef3c5dc000-7fef3c5de000 r--s 0000a000 08:02 3024582                    /home/evans/.gradle/wrapper/dists/gradle-2.14.1-all/8bnwg5hd3w55iofp58khbp6yv/gradle-2.14.1/lib/plugins/plexus-classworlds-2.4.jar
7fef3c5de000-7fef3c5e0000 r--s 00006000 08:02 3024581                    /home/evans/.gradle/wrapper/dists/gradle-2.14.1-all/8bnwg5hd3w55iofp58khbp6yv/gradle-2.14.1/lib/plugins/maven-repository-metadata-3.0.4.jar
7fef3c5e0000-7fef3c5e2000 r--s 0000c000 08:02 3024580                    /home/evans/.gradle/wrapper/dists/gradle-2.14.1-all/8bnwg5hd3w55iofp58khbp6yv/gradle-2.14.1/lib/plugins/maven-aether-provider-3.0.4.jar
7fef3c5e2000-7fef3c5e4000 r--s 0000b000 08:02 3024579                    /home/evans/.gradle/wrapper/dists/gradle-2.14.1-all/8bnwg5hd3w55iofp58khbp6yv/gradle-2.14.1/lib/plugins/wagon-provider-api-2.4.jar
7fef3c5e4000-7fef3c5e8000 r--s 0001c000 08:02 3024577                    /home/evans/.gradle/wrapper/dists/gradle-2.14.1-all/8bnwg5hd3w55iofp58khbp6yv/gradle-2.14.1/lib/plugins/aether-util-1.13.1.jar
7fef3c5e8000-7fef3c5eb000 r--s 0001d000 08:02 3024576                    /home/evans/.gradle/wrapper/dists/gradle-2.14.1-all/8bnwg5hd3w55iofp58khbp6yv/gradle-2.14.1/lib/plugins/aether-impl-1.13.1.jar
7fef3c5eb000-7fef3c5f0000 r--s 00040000 08:02 3024561                    /home/evans/.gradle/wrapper/dists/gradle-2.14.1-all/8bnwg5hd3w55iofp58khbp6yv/gradle-2.14.1/lib/plugins/jsch-0.1.53.jar
7fef3c5f0000-7fef3c630000 r--s 00277000 08:02 3024571                    /home/evans/.gradle/wrapper/dists/gradle-2.14.1-all/8bnwg5hd3w55iofp58khbp6yv/gradle-2.14.1/lib/plugins/bcprov-jdk15on-1.51.jar
7fef3c630000-7fef3c63c000 r--s 0007d000 08:02 3024547                    /home/evans/.gradle/wrapper/dists/gradle-2.14.1-all/8bnwg5hd3w55iofp58khbp6yv/gradle-2.14.1/lib/plugins/maven-core-3.0.4.jar
7fef3c63c000-7fef3c658000 r--s 000d3000 08:02 3024536                    /home/evans/.gradle/wrapper/dists/gradle-2.14.1-all/8bnwg5hd3w55iofp58khbp6yv/gradle-2.14.1/lib/plugins/gradle-dependency-management-2.14.1.jar
7fef3c658000-7fef3c661000 r-xp 00000000 08:02 1725640                    /usr/lib/jvm/java-8-openjdk-amd64/jre/lib/amd64/libmanagement.so
7fef3c661000-7fef3c860000 ---p 00009000 08:02 1725640                    /usr/lib/jvm/java-8-openjdk-amd64/jre/lib/amd64/libmanagement.so
7fef3c860000-7fef3c861000 r--p 00008000 08:02 1725640                    /usr/lib/jvm/java-8-openjdk-amd64/jre/lib/amd64/libmanagement.so
7fef3c861000-7fef3c862000 rw-p 00009000 08:02 1725640                    /usr/lib/jvm/java-8-openjdk-amd64/jre/lib/amd64/libmanagement.so
7fef3c862000-7fef3c877000 r-xp 00000000 08:02 9313801                    /tmp/jna232344192933738974.tmp
7fef3c877000-7fef3c976000 ---p 00015000 08:02 9313801                    /tmp/jna232344192933738974.tmp
7fef3c976000-7fef3c978000 rw-p 00014000 08:02 9313801                    /tmp/jna232344192933738974.tmp
7fef3c978000-7fef3c99d000 r-xp 00000000 08:02 9179780                    /lib/x86_64-linux-gnu/libtinfo.so.5.9
7fef3c99d000-7fef3cb9c000 ---p 00025000 08:02 9179780                    /lib/x86_64-linux-gnu/libtinfo.so.5.9
7fef3cb9c000-7fef3cba0000 r--p 00024000 08:02 9179780                    /lib/x86_64-linux-gnu/libtinfo.so.5.9
7fef3cba0000-7fef3cba1000 rw-p 00028000 08:02 9179780                    /lib/x86_64-linux-gnu/libtinfo.so.5.9
7fef3cba1000-7fef3cbc2000 r-xp 00000000 08:02 9179690                    /lib/x86_64-linux-gnu/libncurses.so.5.9
7fef3cbc2000-7fef3cdc1000 ---p 00021000 08:02 9179690                    /lib/x86_64-linux-gnu/libncurses.so.5.9
7fef3cdc1000-7fef3cdc2000 r--p 00020000 08:02 9179690                    /lib/x86_64-linux-gnu/libncurses.so.5.9
7fef3cdc2000-7fef3cdc3000 rw-p 00021000 08:02 9179690                    /lib/x86_64-linux-gnu/libncurses.so.5.9
7fef3cdc3000-7fef3cdc4000 r--s 00003000 08:02 3024578                    /home/evans/.gradle/wrapper/dists/gradle-2.14.1-all/8bnwg5hd3w55iofp58khbp6yv/gradle-2.14.1/lib/plugins/aether-spi-1.13.1.jar
7fef3cdc4000-7fef3cdc5000 r--s 00006000 08:02 3024575                    /home/evans/.gradle/wrapper/dists/gradle-2.14.1-all/8bnwg5hd3w55iofp58khbp6yv/gradle-2.14.1/lib/plugins/plexus-sec-dispatcher-1.3.jar
7fef3cdc5000-7fef3cdc9000 r--s 0001d000 08:02 3024570                    /home/evans/.gradle/wrapper/dists/gradle-2.14.1-all/8bnwg5hd3w55iofp58khbp6yv/gradle-2.14.1/lib/plugins/xbean-reflect-3.4.jar
7fef3cdc9000-7fef3cdce000 r--s 0002a000 08:02 3024554                    /home/evans/.gradle/wrapper/dists/gradle-2.14.1-all/8bnwg5hd3w55iofp58khbp6yv/gradle-2.14.1/lib/plugins/gson-2.2.4.jar
7fef3cdce000-7fef3cddd000 r--s 000d9000 08:02 3024569                    /home/evans/.gradle/wrapper/dists/gradle-2.14.1-all/8bnwg5hd3w55iofp58khbp6yv/gradle-2.14.1/lib/plugins/ivy-2.2.0.jar
7fef3cddd000-7fef3cde4000 r--s 00000000 08:02 794310                     /usr/lib/x86_64-linux-gnu/gconv/gconv-modules.cache
7fef3cde4000-7fef3cde7000 r-xp 00000000 08:02 3025113                    /home/evans/.gradle/native/19/linux-amd64/libnative-platform-curses.so
7fef3cde7000-7fef3cfe7000 ---p 00003000 08:02 3025113                    /home/evans/.gradle/native/19/linux-amd64/libnative-platform-curses.so
7fef3cfe7000-7fef3cfe8000 rw-p 00003000 08:02 3025113                    /home/evans/.gradle/native/19/linux-amd64/libnative-platform-curses.so
7fef3cfe8000-7fef3cfec000 r-xp 00000000 08:02 3025111                    /home/evans/.gradle/native/19/linux-amd64/libnative-platform.so
7fef3cfec000-7fef3d1eb000 ---p 00004000 08:02 3025111                    /home/evans/.gradle/native/19/linux-amd64/libnative-platform.so
7fef3d1eb000-7fef3d1ec000 rw-p 00003000 08:02 3025111                    /home/evans/.gradle/native/19/linux-amd64/libnative-platform.so
7fef3d1ec000-7fef3d1ee000 r--s 00005000 08:02 3024446                    /home/evans/.gradle/wrapper/dists/gradle-2.14.1-all/8bnwg5hd3w55iofp58khbp6yv/gradle-2.14.1/lib/gradle-wrapper-2.14.1.jar
7fef3d1ee000-7fef3d1fc000 r--s 0004f000 08:02 3024453                    /home/evans/.gradle/wrapper/dists/gradle-2.14.1-all/8bnwg5hd3w55iofp58khbp6yv/gradle-2.14.1/lib/gradle-tooling-api-2.14.1.jar
7fef3d1fc000-7fef3d1fe000 r--s 00002000 08:02 3024473                    /home/evans/.gradle/wrapper/dists/gradle-2.14.1-all/8bnwg5hd3w55iofp58khbp6yv/gradle-2.14.1/lib/gradle-open-api-2.14.1.jar
7fef3d1fe000-7fef3d204000 r--s 00032000 08:02 3024475                    /home/evans/.gradle/wrapper/dists/gradle-2.14.1-all/8bnwg5hd3w55iofp58khbp6yv/gradle-2.14.1/lib/jaxen-1.1.jar
7fef3d204000-7fef3d209000 r--s 00048000 08:02 3024474                    /home/evans/.gradle/wrapper/dists/gradle-2.14.1-all/8bnwg5hd3w55iofp58khbp6yv/gradle-2.14.1/lib/dom4j-1.6.1.jar
7fef3d209000-7fef3d214000 r--s 00059000 08:02 3024452                    /home/evans/.gradle/wrapper/dists/gradle-2.14.1-all/8bnwg5hd3w55iofp58khbp6yv/gradle-2.14.1/lib/gradle-ui-2.14.1.jar
7fef3d214000-7fef3d217000 r--s 0000b000 08:02 3024471                    /home/evans/.gradle/wrapper/dists/gradle-2.14.1-all/8bnwg5hd3w55iofp58khbp6yv/gradle-2.14.1/lib/gradle-resources-2.14.1.jar
7fef3d217000-7fef3d219000 r--s 00003000 08:02 3024483                    /home/evans/.gradle/wrapper/dists/gradle-2.14.1-all/8bnwg5hd3w55iofp58khbp6yv/gradle-2.14.1/lib/jcl-over-slf4j-1.7.10.jar
7fef3d219000-7fef3d21a000 r--s 00005000 08:02 3024482                    /home/evans/.gradle/wrapper/dists/gradle-2.14.1-all/8bnwg5hd3w55iofp58khbp6yv/gradle-2.14.1/lib/log4j-over-slf4j-1.7.10.jar
7fef3d21a000-7fef3d21c000 r--s 00000000 08:02 3024481                    /home/evans/.gradle/wrapper/dists/gradle-2.14.1-all/8bnwg5hd3w55iofp58khbp6yv/gradle-2.14.1/lib/jul-to-slf4j-1.7.10.jar
7fef3d21c000-7fef3d221000 r--s 0001c000 08:02 3024470                    /home/evans/.gradle/wrapper/dists/gradle-2.14.1-all/8bnwg5hd3w55iofp58khbp6yv/gradle-2.14.1/lib/gradle-logging-2.14.1.jar
7fef3d221000-7fef3d223000 r--s 00007000 08:02 3024494                    /home/evans/.gradle/wrapper/dists/gradle-2.14.1-all/8bnwg5hd3w55iofp58khbp6yv/gradle-2.14.1/lib/objenesis-1.2.jar
7fef3d223000-7fef3d225000 r--s 00000000 08:02 3024493                    /home/evans/.gradle/wrapper/dists/gradle-2.14.1-all/8bnwg5hd3w55iofp58khbp6yv/gradle-2.14.1/lib/minlog-1.2.jar
7fef3d225000-7fef3d227000 r--s 0000f000 08:02 3024492                    /home/evans/.gradle/wrapper/dists/gradle-2.14.1-all/8bnwg5hd3w55iofp58khbp6yv/gradle-2.14.1/lib/reflectasm-1.07-shaded.jar
7fef3d227000-7fef3d22b000 r--s 00026000 08:02 3024480                    /home/evans/.gradle/wrapper/dists/gradle-2.14.1-all/8bnwg5hd3w55iofp58khbp6yv/gradle-2.14.1/lib/kryo-2.20.jar
7fef3d22b000-7fef3d231000 r--s 00025000 08:02 3024469                    /home/evans/.gradle/wrapper/dists/gradle-2.14.1-all/8bnwg5hd3w55iofp58khbp6yv/gradle-2.14.1/lib/gradle-messaging-2.14.1.jar
7fef3d231000-7fef3d232000 r--s 00003000 08:02 3024491                    /home/evans/.gradle/wrapper/dists/gradle-2.14.1-all/8bnwg5hd3w55iofp58khbp6yv/gradle-2.14.1/lib/native-platform-freebsd-amd64-0.10.jar
7fef3d232000-7fef3d233000 r--s 00003000 08:02 3024490                    /home/evans/.gradle/wrapper/dists/gradle-2.14.1-all/8bnwg5hd3w55iofp58khbp6yv/gradle-2.14.1/lib/native-platform-freebsd-i386-0.10.jar
7fef3d233000-7fef3d234000 r--s 00005000 08:02 3024489                    /home/evans/.gradle/wrapper/dists/gradle-2.14.1-all/8bnwg5hd3w55iofp58khbp6yv/gradle-2.14.1/lib/native-platform-windows-i386-0.10.jar
7fef3d234000-7fef3d235000 r--s 00005000 08:02 3024488                    /home/evans/.gradle/wrapper/dists/gradle-2.14.1-all/8bnwg5hd3w55iofp58khbp6yv/gradle-2.14.1/lib/native-platform-windows-amd64-0.10.jar
7fef3d235000-7fef3d236000 r--s 00003000 08:02 3024487                    /home/evans/.gradle/wrapper/dists/gradle-2.14.1-all/8bnwg5hd3w55iofp58khbp6yv/gradle-2.14.1/lib/native-platform-linux-i386-0.10.jar
7fef3d236000-7fef3d237000 r--s 00003000 08:02 3024486                    /home/evans/.gradle/wrapper/dists/gradle-2.14.1-all/8bnwg5hd3w55iofp58khbp6yv/gradle-2.14.1/lib/native-platform-linux-amd64-0.10.jar
7fef3d237000-7fef3d238000 r--s 00002000 08:02 3024485                    /home/evans/.gradle/wrapper/dists/gradle-2.14.1-all/8bnwg5hd3w55iofp58khbp6yv/gradle-2.14.1/lib/native-platform-osx-amd64-0.10.jar
7fef3d238000-7fef3d239000 r--s 00002000 08:02 3024484                    /home/evans/.gradle/wrapper/dists/gradle-2.14.1-all/8bnwg5hd3w55iofp58khbp6yv/gradle-2.14.1/lib/native-platform-osx-i386-0.10.jar
7fef3d239000-7fef3d23b000 r--s 00008000 08:02 3024478                    /home/evans/.gradle/wrapper/dists/gradle-2.14.1-all/8bnwg5hd3w55iofp58khbp6yv/gradle-2.14.1/lib/jansi-1.2.1.jar
7fef3d23b000-7fef3d23e000 r--s 0000d000 08:02 3024477                    /home/evans/.gradle/wrapper/dists/gradle-2.14.1-all/8bnwg5hd3w55iofp58khbp6yv/gradle-2.14.1/lib/native-platform-0.10.jar
7fef3d23e000-7fef3d242000 r--s 000e4000 08:02 3024476                    /home/evans/.gradle/wrapper/dists/gradle-2.14.1-all/8bnwg5hd3w55iofp58khbp6yv/gradle-2.14.1/lib/jna-3.2.7.jar
7fef3d242000-7fef3d244000 r--s 00009000 08:02 3024454                    /home/evans/.gradle/wrapper/dists/gradle-2.14.1-all/8bnwg5hd3w55iofp58khbp6yv/gradle-2.14.1/lib/gradle-native-2.14.1.jar
7fef3d244000-7fef3d246000 r--s 00005000 08:02 3024451                    /home/evans/.gradle/wrapper/dists/gradle-2.14.1-all/8bnwg5hd3w55iofp58khbp6yv/gradle-2.14.1/lib/gradle-cli-2.14.1.jar
7fef3d246000-7fef3d248000 r--s 00007000 08:02 3024461                    /home/evans/.gradle/wrapper/dists/gradle-2.14.1-all/8bnwg5hd3w55iofp58khbp6yv/gradle-2.14.1/lib/gradle-model-groovy-2.14.1.jar
7fef3d248000-7fef3d249000 r--s 00006000 08:02 3024468                    /home/evans/.gradle/wrapper/dists/gradle-2.14.1-all/8bnwg5hd3w55iofp58khbp6yv/gradle-2.14.1/lib/gradle-base-services-groovy-2.14.1.jar
7fef3d249000-7fef3d258000 r--s 00080000 08:02 3024460                    /home/evans/.gradle/wrapper/dists/gradle-2.14.1-all/8bnwg5hd3w55iofp58khbp6yv/gradle-2.14.1/lib/gradle-model-core-2.14.1.jar
7fef3d258000-7fef3d259000 r--s 00002000 08:02 3024472                    /home/evans/.gradle/wrapper/dists/gradle-2.14.1-all/8bnwg5hd3w55iofp58khbp6yv/gradle-2.14.1/lib/gradle-docs-2.14.1.jar
7fef3d259000-7fef3d25a000 r--s 00000000 08:02 3024467                    /home/evans/.gradle/wrapper/dists/gradle-2.14.1-all/8bnwg5hd3w55iofp58khbp6yv/gradle-2.14.1/lib/javax.inject-1.jar
7fef3d25a000-7fef3d25b000 r--s 00000000 08:02 3024466                    /home/evans/.gradle/wrapper/dists/gradle-2.14.1-all/8bnwg5hd3w55iofp58khbp6yv/gradle-2.14.1/lib/jcip-annotations-1.0.jar
7fef3d25b000-7fef3d268000 r--s 00083000 08:02 3024464                    /home/evans/.gradle/wrapper/dists/gradle-2.14.1-all/8bnwg5hd3w55iofp58khbp6yv/gradle-2.14.1/lib/commons-collections-3.2.2.jar
7fef3d268000-7fef3d26d000 r--s 00038000 08:02 3024462                    /home/evans/.gradle/wrapper/dists/gradle-2.14.1-all/8bnwg5hd3w55iofp58khbp6yv/gradle-2.14.1/lib/asm-all-5.1.jar
7fef3d26d000-7fef3d2dc000 r--s 0063e000 08:02 3024459                    /home/evans/.gradle/wrapper/dists/gradle-2.14.1-all/8bnwg5hd3w55iofp58khbp6yv/gradle-2.14.1/lib/groovy-all-2.4.4.jar
7fef3d2dc000-7fef3d304000 r--s 001cf000 08:02 3024456                    /home/evans/.gradle/wrapper/dists/gradle-2.14.1-all/8bnwg5hd3w55iofp58khbp6yv/gradle-2.14.1/lib/guava-jdk5-17.0.jar
7fef3d304000-7fef3d323000 r--s 001d1000 08:02 3024463                    /home/evans/.gradle/wrapper/dists/gradle-2.14.1-all/8bnwg5hd3w55iofp58khbp6yv/gradle-2.14.1/lib/ant-1.9.6.jar
7fef3d323000-7fef3d35a000 r--s 001bd000 08:02 3024450                    /home/evans/.gradle/wrapper/dists/gradle-2.14.1-all/8bnwg5hd3w55iofp58khbp6yv/gradle-2.14.1/lib/gradle-core-2.14.1.jar
7fef3d35a000-7fef3d365000 r--s 00051000 08:02 3024445                    /home/evans/.gradle/wrapper/dists/gradle-2.14.1-all/8bnwg5hd3w55iofp58khbp6yv/gradle-2.14.1/lib/gradle-launcher-2.14.1.jar
7fef3d365000-7fef3d376000 r-xp 00000000 08:02 1725646                    /usr/lib/jvm/java-8-openjdk-amd64/jre/lib/amd64/libnio.so
7fef3d376000-7fef3d576000 ---p 00011000 08:02 1725646                    /usr/lib/jvm/java-8-openjdk-amd64/jre/lib/amd64/libnio.so
7fef3d576000-7fef3d577000 r--p 00011000 08:02 1725646                    /usr/lib/jvm/java-8-openjdk-amd64/jre/lib/amd64/libnio.so
7fef3d577000-7fef3d578000 rw-p 00012000 08:02 1725646                    /usr/lib/jvm/java-8-openjdk-amd64/jre/lib/amd64/libnio.so
7fef3d578000-7fef3d58f000 r-xp 00000000 08:02 1725644                    /usr/lib/jvm/java-8-openjdk-amd64/jre/lib/amd64/libnet.so
7fef3d58f000-7fef3d78e000 ---p 00017000 08:02 1725644                    /usr/lib/jvm/java-8-openjdk-amd64/jre/lib/amd64/libnet.so
7fef3d78e000-7fef3d78f000 r--p 00016000 08:02 1725644                    /usr/lib/jvm/java-8-openjdk-amd64/jre/lib/amd64/libnet.so
7fef3d78f000-7fef3d790000 rw-p 00017000 08:02 1725644                    /usr/lib/jvm/java-8-openjdk-amd64/jre/lib/amd64/libnet.so
7fef3d790000-7fef3d7ab000 r--s 001d6000 08:02 1725698                    /usr/lib/jvm/java-8-openjdk-amd64/jre/lib/ext/nashorn.jar
7fef3d7ab000-7fef3d7c6000 r--s 00394000 08:02 1725688                    /usr/lib/jvm/java-8-openjdk-amd64/jre/lib/ext/cldrdata.jar
7fef3d7c6000-7fef3d7c7000 ---p 00000000 00:00 0 
7fef3d7c7000-7fef3d8c7000 rw-p 00000000 00:00 0 
7fef3d8c7000-7fef3d8ca000 ---p 00000000 00:00 0 
7fef3d8ca000-7fef3d9c8000 rw-p 00000000 00:00 0 
7fef3d9c8000-7fef3d9cb000 ---p 00000000 00:00 0 
7fef3d9cb000-7fef3dac9000 rw-p 00000000 00:00 0 
7fef3dac9000-7fef3dacc000 ---p 00000000 00:00 0 
7fef3dacc000-7fef3dbca000 rw-p 00000000 00:00 0 
7fef3dbca000-7fef3dbcd000 ---p 00000000 00:00 0 
7fef3dbcd000-7fef3dccb000 rw-p 00000000 00:00 0 
7fef3dccb000-7fef3dcce000 ---p 00000000 00:00 0 
7fef3dcce000-7fef3ddcc000 rw-p 00000000 00:00 0 
7fef3ddcc000-7fef3e1d8000 r--p 00000000 08:02 525144                     /usr/lib/locale/locale-archive
7fef3e1d8000-7fef3e1db000 ---p 00000000 00:00 0 
7fef3e1db000-7fef3e2d9000 rw-p 00000000 00:00 0 
7fef3e2d9000-7fef3e2dc000 ---p 00000000 00:00 0 
7fef3e2dc000-7fef3e3da000 rw-p 00000000 00:00 0 
7fef3e3da000-7fef3e3db000 ---p 00000000 00:00 0 
7fef3e3db000-7fef40000000 rw-p 00000000 00:00 0 
7fef40000000-7fef40021000 rw-p 00000000 00:00 0 
7fef40021000-7fef44000000 ---p 00000000 00:00 0 
7fef44000000-7fef44004000 r--s 00027000 08:02 3024465                    /home/evans/.gradle/wrapper/dists/gradle-2.14.1-all/8bnwg5hd3w55iofp58khbp6yv/gradle-2.14.1/lib/commons-io-2.2.jar
7fef44004000-7fef44005000 r--s 00001000 08:02 3024458                    /home/evans/.gradle/wrapper/dists/gradle-2.14.1-all/8bnwg5hd3w55iofp58khbp6yv/gradle-2.14.1/lib/gradle-process-services-2.14.1.jar
7fef44005000-7fef4400a000 r--s 00041000 08:02 3024457                    /home/evans/.gradle/wrapper/dists/gradle-2.14.1-all/8bnwg5hd3w55iofp58khbp6yv/gradle-2.14.1/lib/commons-lang-2.6.jar
7fef4400a000-7fef4404c000 rw-p 00000000 00:00 0 
7fef4404c000-7fef4421a000 r--s 03c13000 08:02 1725746                    /usr/lib/jvm/java-8-openjdk-amd64/jre/lib/rt.jar
7fef4421a000-7fef47fd0000 rw-p 00000000 00:00 0 
7fef47fd0000-7fef47fd1000 ---p 00000000 00:00 0 
7fef47fd1000-7fef480d1000 rw-p 00000000 00:00 0 
7fef480d1000-7fef480d2000 ---p 00000000 00:00 0 
7fef480d2000-7fef481d2000 rw-p 00000000 00:00 0 
7fef481d2000-7fef481d3000 ---p 00000000 00:00 0 
7fef481d3000-7fef482d3000 rw-p 00000000 00:00 0 
7fef482d3000-7fef482d4000 ---p 00000000 00:00 0 
7fef482d4000-7fef483fe000 rw-p 00000000 00:00 0 
7fef483fe000-7fef48662000 ---p 00000000 00:00 0 
7fef48662000-7fef4868c000 rw-p 00000000 00:00 0 
7fef4868c000-7fef488ef000 ---p 00000000 00:00 0 
7fef488ef000-7fef48914000 rw-p 00000000 00:00 0 
7fef48914000-7fef48a36000 ---p 00000000 00:00 0 
7fef48a36000-7fef48a4f000 rw-p 00000000 00:00 0 
7fef48a4f000-7fef48df7000 ---p 00000000 00:00 0 
7fef48df7000-7fef493f7000 rwxp 00000000 00:00 0 
7fef493f7000-7fef57df7000 ---p 00000000 00:00 0 
7fef57df7000-7fef57dff000 r-xp 00000000 08:02 1725660                    /usr/lib/jvm/java-8-openjdk-amd64/jre/lib/amd64/libzip.so
7fef57dff000-7fef57ffe000 ---p 00008000 08:02 1725660                    /usr/lib/jvm/java-8-openjdk-amd64/jre/lib/amd64/libzip.so
7fef57ffe000-7fef57fff000 r--p 00007000 08:02 1725660                    /usr/lib/jvm/java-8-openjdk-amd64/jre/lib/amd64/libzip.so
7fef57fff000-7fef58000000 rw-p 00008000 08:02 1725660                    /usr/lib/jvm/java-8-openjdk-amd64/jre/lib/amd64/libzip.so
7fef58000000-7fef5980a000 rw-p 00000000 00:00 0 
7fef5980a000-7fef5c000000 ---p 00000000 00:00 0 
7fef5c000000-7fef5c001000 r--s 00000000 08:02 3024449                    /home/evans/.gradle/wrapper/dists/gradle-2.14.1-all/8bnwg5hd3w55iofp58khbp6yv/gradle-2.14.1/lib/gradle-jvm-services-2.14.1.jar
7fef5c001000-7fef5c009000 r--s 0003a000 08:02 3024448                    /home/evans/.gradle/wrapper/dists/gradle-2.14.1-all/8bnwg5hd3w55iofp58khbp6yv/gradle-2.14.1/lib/gradle-base-services-2.14.1.jar
7fef5c009000-7fef5c00e000 r--s 0009a000 08:02 1725734                    /usr/lib/jvm/java-8-openjdk-amd64/jre/lib/jsse.jar
7fef5c00e000-7fef5c05c000 rw-p 00000000 00:00 0 
7fef5c05c000-7fef5c067000 r-xp 00000000 08:02 9175131                    /lib/x86_64-linux-gnu/libnss_files-2.24.so
7fef5c067000-7fef5c266000 ---p 0000b000 08:02 9175131                    /lib/x86_64-linux-gnu/libnss_files-2.24.so
7fef5c266000-7fef5c267000 r--p 0000a000 08:02 9175131                    /lib/x86_64-linux-gnu/libnss_files-2.24.so
7fef5c267000-7fef5c268000 rw-p 0000b000 08:02 9175131                    /lib/x86_64-linux-gnu/libnss_files-2.24.so
7fef5c268000-7fef5c26e000 rw-p 00000000 00:00 0 
7fef5c26e000-7fef5c279000 r-xp 00000000 08:02 9175133                    /lib/x86_64-linux-gnu/libnss_nis-2.24.so
7fef5c279000-7fef5c478000 ---p 0000b000 08:02 9175133                    /lib/x86_64-linux-gnu/libnss_nis-2.24.so
7fef5c478000-7fef5c479000 r--p 0000a000 08:02 9175133                    /lib/x86_64-linux-gnu/libnss_nis-2.24.so
7fef5c479000-7fef5c47a000 rw-p 0000b000 08:02 9175133                    /lib/x86_64-linux-gnu/libnss_nis-2.24.so
7fef5c47a000-7fef5c490000 r-xp 00000000 08:02 9175128                    /lib/x86_64-linux-gnu/libnsl-2.24.so
7fef5c490000-7fef5c68f000 ---p 00016000 08:02 9175128                    /lib/x86_64-linux-gnu/libnsl-2.24.so
7fef5c68f000-7fef5c690000 r--p 00015000 08:02 9175128                    /lib/x86_64-linux-gnu/libnsl-2.24.so
7fef5c690000-7fef5c691000 rw-p 00016000 08:02 9175128                    /lib/x86_64-linux-gnu/libnsl-2.24.so
7fef5c691000-7fef5c693000 rw-p 00000000 00:00 0 
7fef5c693000-7fef5c69b000 r-xp 00000000 08:02 9175129                    /lib/x86_64-linux-gnu/libnss_compat-2.24.so
7fef5c69b000-7fef5c89a000 ---p 00008000 08:02 9175129                    /lib/x86_64-linux-gnu/libnss_compat-2.24.so
7fef5c89a000-7fef5c89b000 r--p 00007000 08:02 9175129                    /lib/x86_64-linux-gnu/libnss_compat-2.24.so
7fef5c89b000-7fef5c89c000 rw-p 00008000 08:02 9175129                    /lib/x86_64-linux-gnu/libnss_compat-2.24.so
7fef5c89c000-7fef5c8c9000 r-xp 00000000 08:02 1725622                    /usr/lib/jvm/java-8-openjdk-amd64/jre/lib/amd64/libjava.so
7fef5c8c9000-7fef5cac8000 ---p 0002d000 08:02 1725622                    /usr/lib/jvm/java-8-openjdk-amd64/jre/lib/amd64/libjava.so
7fef5cac8000-7fef5cac9000 r--p 0002c000 08:02 1725622                    /usr/lib/jvm/java-8-openjdk-amd64/jre/lib/amd64/libjava.so
7fef5cac9000-7fef5cacb000 rw-p 0002d000 08:02 1725622                    /usr/lib/jvm/java-8-openjdk-amd64/jre/lib/amd64/libjava.so
7fef5cacb000-7fef5cada000 r-xp 00000000 08:02 1725658                    /usr/lib/jvm/java-8-openjdk-amd64/jre/lib/amd64/libverify.so
7fef5cada000-7fef5ccda000 ---p 0000f000 08:02 1725658                    /usr/lib/jvm/java-8-openjdk-amd64/jre/lib/amd64/libverify.so
7fef5ccda000-7fef5ccdc000 r--p 0000f000 08:02 1725658                    /usr/lib/jvm/java-8-openjdk-amd64/jre/lib/amd64/libverify.so
7fef5ccdc000-7fef5ccdd000 rw-p 00011000 08:02 1725658                    /usr/lib/jvm/java-8-openjdk-amd64/jre/lib/amd64/libverify.so
7fef5ccdd000-7fef5cce4000 r-xp 00000000 08:02 9179549                    /lib/x86_64-linux-gnu/librt-2.24.so
7fef5cce4000-7fef5cee3000 ---p 00007000 08:02 9179549                    /lib/x86_64-linux-gnu/librt-2.24.so
7fef5cee3000-7fef5cee4000 r--p 00006000 08:02 9179549                    /lib/x86_64-linux-gnu/librt-2.24.so
7fef5cee4000-7fef5cee5000 rw-p 00007000 08:02 9179549                    /lib/x86_64-linux-gnu/librt-2.24.so
7fef5cee5000-7fef5cefb000 r-xp 00000000 08:02 9179652                    /lib/x86_64-linux-gnu/libgcc_s.so.1
7fef5cefb000-7fef5d0fa000 ---p 00016000 08:02 9179652                    /lib/x86_64-linux-gnu/libgcc_s.so.1
7fef5d0fa000-7fef5d0fb000 r--p 00015000 08:02 9179652                    /lib/x86_64-linux-gnu/libgcc_s.so.1
7fef5d0fb000-7fef5d0fc000 rw-p 00016000 08:02 9179652                    /lib/x86_64-linux-gnu/libgcc_s.so.1
7fef5d0fc000-7fef5d204000 r-xp 00000000 08:02 9175125                    /lib/x86_64-linux-gnu/libm-2.24.so
7fef5d204000-7fef5d403000 ---p 00108000 08:02 9175125                    /lib/x86_64-linux-gnu/libm-2.24.so
7fef5d403000-7fef5d404000 r--p 00107000 08:02 9175125                    /lib/x86_64-linux-gnu/libm-2.24.so
7fef5d404000-7fef5d405000 rw-p 00108000 08:02 9175125                    /lib/x86_64-linux-gnu/libm-2.24.so
7fef5d405000-7fef5d57e000 r-xp 00000000 08:02 533804                     /usr/lib/x86_64-linux-gnu/libstdc++.so.6.0.22
7fef5d57e000-7fef5d77d000 ---p 00179000 08:02 533804                     /usr/lib/x86_64-linux-gnu/libstdc++.so.6.0.22
7fef5d77d000-7fef5d787000 r--p 00178000 08:02 533804                     /usr/lib/x86_64-linux-gnu/libstdc++.so.6.0.22
7fef5d787000-7fef5d789000 rw-p 00182000 08:02 533804                     /usr/lib/x86_64-linux-gnu/libstdc++.so.6.0.22
7fef5d789000-7fef5d78d000 rw-p 00000000 00:00 0 
7fef5d78d000-7fef5e3e7000 r-xp 00000000 08:02 1725666                    /usr/lib/jvm/java-8-openjdk-amd64/jre/lib/amd64/server/libjvm.so
7fef5e3e7000-7fef5e5e6000 ---p 00c5a000 08:02 1725666                    /usr/lib/jvm/java-8-openjdk-amd64/jre/lib/amd64/server/libjvm.so
7fef5e5e6000-7fef5e679000 r--p 00c59000 08:02 1725666                    /usr/lib/jvm/java-8-openjdk-amd64/jre/lib/amd64/server/libjvm.so
7fef5e679000-7fef5e6a2000 rw-p 00cec000 08:02 1725666                    /usr/lib/jvm/java-8-openjdk-amd64/jre/lib/amd64/server/libjvm.so
7fef5e6a2000-7fef5e6d2000 rw-p 00000000 00:00 0 
7fef5e6d2000-7fef5e6ea000 r-xp 00000000 08:02 9175136                    /lib/x86_64-linux-gnu/libpthread-2.24.so
7fef5e6ea000-7fef5e8ea000 ---p 00018000 08:02 9175136                    /lib/x86_64-linux-gnu/libpthread-2.24.so
7fef5e8ea000-7fef5e8eb000 r--p 00018000 08:02 9175136                    /lib/x86_64-linux-gnu/libpthread-2.24.so
7fef5e8eb000-7fef5e8ec000 rw-p 00019000 08:02 9175136                    /lib/x86_64-linux-gnu/libpthread-2.24.so
7fef5e8ec000-7fef5e8f0000 rw-p 00000000 00:00 0 
7fef5e8f0000-7fef5e8f3000 r-xp 00000000 08:02 9175124                    /lib/x86_64-linux-gnu/libdl-2.24.so
7fef5e8f3000-7fef5eaf2000 ---p 00003000 08:02 9175124                    /lib/x86_64-linux-gnu/libdl-2.24.so
7fef5eaf2000-7fef5eaf3000 r--p 00002000 08:02 9175124                    /lib/x86_64-linux-gnu/libdl-2.24.so
7fef5eaf3000-7fef5eaf4000 rw-p 00003000 08:02 9175124                    /lib/x86_64-linux-gnu/libdl-2.24.so
7fef5eaf4000-7fef5eb0f000 r-xp 00000000 08:02 9179794                    /lib/x86_64-linux-gnu/libz.so.1.2.11
7fef5eb0f000-7fef5ed0e000 ---p 0001b000 08:02 9179794                    /lib/x86_64-linux-gnu/libz.so.1.2.11
7fef5ed0e000-7fef5ed0f000 r--p 0001a000 08:02 9179794                    /lib/x86_64-linux-gnu/libz.so.1.2.11
7fef5ed0f000-7fef5ed10000 rw-p 0001b000 08:02 9179794                    /lib/x86_64-linux-gnu/libz.so.1.2.11
7fef5ed10000-7fef5eece000 r-xp 00000000 08:02 9175121                    /lib/x86_64-linux-gnu/libc-2.24.so
7fef5eece000-7fef5f0cd000 ---p 001be000 08:02 9175121                    /lib/x86_64-linux-gnu/libc-2.24.so
7fef5f0cd000-7fef5f0d1000 r--p 001bd000 08:02 9175121                    /lib/x86_64-linux-gnu/libc-2.24.so
7fef5f0d1000-7fef5f0d3000 rw-p 001c1000 08:02 9175121                    /lib/x86_64-linux-gnu/libc-2.24.so
7fef5f0d3000-7fef5f0d7000 rw-p 00000000 00:00 0 
7fef5f0d7000-7fef5f0e4000 r-xp 00000000 08:02 1725594                    /usr/lib/jvm/java-8-openjdk-amd64/jre/lib/amd64/jli/libjli.so
7fef5f0e4000-7fef5f2e4000 ---p 0000d000 08:02 1725594                    /usr/lib/jvm/java-8-openjdk-amd64/jre/lib/amd64/jli/libjli.so
7fef5f2e4000-7fef5f2e5000 r--p 0000d000 08:02 1725594                    /usr/lib/jvm/java-8-openjdk-amd64/jre/lib/amd64/jli/libjli.so
7fef5f2e5000-7fef5f2e6000 rw-p 0000e000 08:02 1725594                    /usr/lib/jvm/java-8-openjdk-amd64/jre/lib/amd64/jli/libjli.so
7fef5f2e6000-7fef5f30c000 r-xp 00000000 08:02 9175045                    /lib/x86_64-linux-gnu/ld-2.24.so
7fef5f30c000-7fef5f30d000 r--s 00007000 08:02 3024455                    /home/evans/.gradle/wrapper/dists/gradle-2.14.1-all/8bnwg5hd3w55iofp58khbp6yv/gradle-2.14.1/lib/slf4j-api-1.7.10.jar
7fef5f30d000-7fef5f30f000 r--s 0000b000 08:02 7352508                    /home/evans/Projects/react native/todo/android/gradle/wrapper/gradle-wrapper.jar
7fef5f30f000-7fef5f314000 r--s 0003b000 08:02 1725702                    /usr/lib/jvm/java-8-openjdk-amd64/jre/lib/ext/sunjce_provider.jar
7fef5f314000-7fef5f317000 r--s 0000f000 08:02 1725692                    /usr/lib/jvm/java-8-openjdk-amd64/jre/lib/ext/icedtea-sound.jar
7fef5f317000-7fef5f3e2000 rw-p 00000000 00:00 0 
7fef5f3e2000-7fef5f3e5000 ---p 00000000 00:00 0 
7fef5f3e5000-7fef5f4e7000 rw-p 00000000 00:00 0 
7fef5f4e7000-7fef5f4e8000 r--s 00004000 08:02 3024479                    /home/evans/.gradle/wrapper/dists/gradle-2.14.1-all/8bnwg5hd3w55iofp58khbp6yv/gradle-2.14.1/lib/ant-launcher-1.9.6.jar
7fef5f4e8000-7fef5f4e9000 r--s 00010000 08:02 1725706                    /usr/lib/jvm/java-8-openjdk-amd64/jre/lib/ext/zipfs.jar
7fef5f4e9000-7fef5f4eb000 r--s 00001000 08:02 1725690                    /usr/lib/jvm/java-8-openjdk-amd64/jre/lib/ext/dnsns.jar
7fef5f4eb000-7fef5f4ec000 r--s 0000a000 08:02 1725694                    /usr/lib/jvm/java-8-openjdk-amd64/jre/lib/ext/jaccess.jar
7fef5f4ec000-7fef5f4ee000 r--s 00008000 08:02 1725700                    /usr/lib/jvm/java-8-openjdk-amd64/jre/lib/ext/sunec.jar
7fef5f4ee000-7fef5f4f0000 r--s 00007000 08:02 922906                     /usr/share/java/java-atk-wrapper.jar
7fef5f4f0000-7fef5f4f4000 r--s 00037000 08:02 1725704                    /usr/lib/jvm/java-8-openjdk-amd64/jre/lib/ext/sunpkcs11.jar
7fef5f4f4000-7fef5f4fe000 r--s 00116000 08:02 1725696                    /usr/lib/jvm/java-8-openjdk-amd64/jre/lib/ext/localedata.jar
7fef5f4fe000-7fef5f506000 rw-s 00000000 08:02 9312585                    /tmp/hsperfdata_evans/24431
7fef5f506000-7fef5f507000 rw-p 00000000 00:00 0 
7fef5f507000-7fef5f508000 ---p 00000000 00:00 0 
7fef5f508000-7fef5f50b000 rw-p 00000000 00:00 0 
7fef5f50b000-7fef5f50c000 r--p 00025000 08:02 9175045                    /lib/x86_64-linux-gnu/ld-2.24.so
7fef5f50c000-7fef5f50d000 rw-p 00026000 08:02 9175045                    /lib/x86_64-linux-gnu/ld-2.24.so
7fef5f50d000-7fef5f50e000 rw-p 00000000 00:00 0 
7ffdd98cf000-7ffdd98f1000 rw-p 00000000 00:00 0                          [stack]
7ffdd99e3000-7ffdd99e5000 r--p 00000000 00:00 0                          [vvar]
7ffdd99e5000-7ffdd99e7000 r-xp 00000000 00:00 0                          [vdso]
ffffffffff600000-ffffffffff601000 r-xp 00000000 00:00 0                  [vsyscall]

VM Arguments:
jvm_args: -Dorg.gradle.appname=gradlew 
java_command: org.gradle.wrapper.GradleWrapperMain installDebug
java_class_path (initial): /home/evans/Projects/react native/todo/android/gradle/wrapper/gradle-wrapper.jar
Launcher Type: SUN_STANDARD

Environment Variables:
PATH=/usr/local/sbin:/usr/local/bin:/usr/sbin:/usr/bin:/sbin:/bin:/usr/games:/usr/local/games:/snap/bin:/snap/bin:/home/evans/Android/Sdk/tools:/home/evans/Android/Sdk/platform-tools:/snap/bin:/home/evans/Android/Sdk/tools:/home/evans/Android/Sdk/platform-tools:/home/evans/Android/Sdk/tools:/home/evans/Android/Sdk/platform-tools
SHELL=/bin/bash
DISPLAY=:0

Signal Handlers:
SIGSEGV: [libjvm.so+0xa70490], sa_mask[0]=11111111011111111101111111111110, sa_flags=SA_RESTART|SA_SIGINFO
SIGBUS: [libjvm.so+0xa70490], sa_mask[0]=11111111011111111101111111111110, sa_flags=SA_RESTART|SA_SIGINFO
SIGFPE: [libjvm.so+0x8b9fc0], sa_mask[0]=11111111011111111101111111111110, sa_flags=SA_RESTART|SA_SIGINFO
SIGPIPE: [libjvm.so+0x8b9fc0], sa_mask[0]=11111111011111111101111111111110, sa_flags=SA_RESTART|SA_SIGINFO
SIGXFSZ: [libjvm.so+0x8b9fc0], sa_mask[0]=11111111011111111101111111111110, sa_flags=SA_RESTART|SA_SIGINFO
SIGILL: [libjvm.so+0x8b9fc0], sa_mask[0]=11111111011111111101111111111110, sa_flags=SA_RESTART|SA_SIGINFO
SIGUSR1: SIG_DFL, sa_mask[0]=00000000000000000000000000000000, sa_flags=none
SIGUSR2: [libjvm.so+0x8b9e70], sa_mask[0]=00000000000000000000000000000000, sa_flags=SA_RESTART|SA_SIGINFO
SIGHUP: [libjvm.so+0x8ba320], sa_mask[0]=11111111011111111101111111111110, sa_flags=SA_RESTART|SA_SIGINFO
SIGINT: [libjvm.so+0x8ba320], sa_mask[0]=11111111011111111101111111111110, sa_flags=SA_RESTART|SA_SIGINFO
SIGTERM: [libjvm.so+0x8ba320], sa_mask[0]=11111111011111111101111111111110, sa_flags=SA_RESTART|SA_SIGINFO
SIGQUIT: [libjvm.so+0x8ba320], sa_mask[0]=11111111011111111101111111111110, sa_flags=SA_RESTART|SA_SIGINFO


---------------  S Y S T E M  ---------------

OS:DISTRIB_ID=Ubuntu
DISTRIB_RELEASE=17.04
DISTRIB_CODENAME=zesty
DISTRIB_DESCRIPTION="Ubuntu 17.04"

uname:Linux 4.10.0-35-generic #39-Ubuntu SMP Wed Sep 13 07:46:59 UTC 2017 x86_64
libc:glibc 2.24 NPTL 2.24 
rlimit: STACK 8192k, CORE 0k, NPROC 30931, NOFILE 1048576, AS infinity
load average:2.51 2.54 2.08

/proc/meminfo:
MemTotal:        8022936 kB
MemFree:          107268 kB
MemAvailable:      14400 kB
Buffers:             512 kB
Cached:          1086660 kB
SwapCached:         9972 kB
Active:          6543608 kB
Inactive:         913376 kB
Active(anon):    6530448 kB
Inactive(anon):   900004 kB
Active(file):      13160 kB
Inactive(file):    13372 kB
Unevictable:         296 kB
Mlocked:             296 kB
SwapTotal:       2097148 kB
SwapFree:              0 kB
Dirty:                16 kB
Writeback:            36 kB
AnonPages:       6361588 kB
Mapped:           587000 kB
Shmem:           1060492 kB
Slab:             154812 kB
SReclaimable:      69480 kB
SUnreclaim:        85332 kB
KernelStack:       22768 kB
PageTables:       122648 kB
NFS_Unstable:          0 kB
Bounce:                0 kB
WritebackTmp:          0 kB
CommitLimit:     6108616 kB
Committed_AS:   21444032 kB
VmallocTotal:   34359738367 kB
VmallocUsed:           0 kB
VmallocChunk:          0 kB
HardwareCorrupted:     0 kB
AnonHugePages:   1759232 kB
ShmemHugePages:        0 kB
ShmemPmdMapped:        0 kB
CmaTotal:              0 kB
CmaFree:               0 kB
HugePages_Total:       0
HugePages_Free:        0
HugePages_Rsvd:        0
HugePages_Surp:        0
Hugepagesize:       2048 kB
DirectMap4k:     2566392 kB
DirectMap2M:     5672960 kB
DirectMap1G:           0 kB


CPU:total 4 (initial active 4) (2 cores per cpu, 2 threads per core) family 6 model 78 stepping 3, cmov, cx8, fxsr, mmx, sse, sse2, sse3, ssse3, sse4.1, sse4.2, popcnt, avx, avx2, aes, clmul, erms, 3dnowpref, lzcnt, ht, tsc, tscinvbit, bmi1, bmi2, adx

/proc/cpuinfo:
processor	: 0
vendor_id	: GenuineIntel
cpu family	: 6
model		: 78
model name	: Intel(R) Core(TM) i7-6500U CPU @ 2.50GHz
stepping	: 3
microcode	: 0xba
cpu MHz		: 2499.865
cache size	: 4096 KB
physical id	: 0
siblings	: 4
core id		: 0
cpu cores	: 2
apicid		: 0
initial apicid	: 0
fpu		: yes
fpu_exception	: yes
cpuid level	: 22
wp		: yes
flags		: fpu vme de pse tsc msr pae mce cx8 apic sep mtrr pge mca cmov pat pse36 clflush dts acpi mmx fxsr sse sse2 ss ht tm pbe syscall nx pdpe1gb rdtscp lm constant_tsc art arch_perfmon pebs bts rep_good nopl xtopology nonstop_tsc aperfmperf tsc_known_freq pni pclmulqdq dtes64 monitor ds_cpl vmx est tm2 ssse3 sdbg fma cx16 xtpr pdcm pcid sse4_1 sse4_2 x2apic movbe popcnt tsc_deadline_timer aes xsave avx f16c rdrand lahf_lm abm 3dnowprefetch epb intel_pt tpr_shadow vnmi flexpriority ept vpid fsgsbase tsc_adjust bmi1 avx2 smep bmi2 erms invpcid mpx rdseed adx smap clflushopt xsaveopt xsavec xgetbv1 xsaves dtherm ida arat pln pts hwp hwp_notify hwp_act_window hwp_epp
bugs		:
bogomips	: 5184.00
clflush size	: 64
cache_alignment	: 64
address sizes	: 39 bits physical, 48 bits virtual
power management:

processor	: 1
vendor_id	: GenuineIntel
cpu family	: 6
model		: 78
model name	: Intel(R) Core(TM) i7-6500U CPU @ 2.50GHz
stepping	: 3
microcode	: 0xba
cpu MHz		: 2499.389
cache size	: 4096 KB
physical id	: 0
siblings	: 4
core id		: 1
cpu cores	: 2
apicid		: 2
initial apicid	: 2
fpu		: yes
fpu_exception	: yes
cpuid level	: 22
wp		: yes
flags		: fpu vme de pse tsc msr pae mce cx8 apic sep mtrr pge mca cmov pat pse36 clflush dts acpi mmx fxsr sse sse2 ss ht tm pbe syscall nx pdpe1gb rdtscp lm constant_tsc art arch_perfmon pebs bts rep_good nopl xtopology nonstop_tsc aperfmperf tsc_known_freq pni pclmulqdq dtes64 monitor ds_cpl vmx est tm2 ssse3 sdbg fma cx16 xtpr pdcm pcid sse4_1 sse4_2 x2apic movbe popcnt tsc_deadline_timer aes xsave avx f16c rdrand lahf_lm abm 3dnowprefetch epb intel_pt tpr_shadow vnmi flexpriority ept vpid fsgsbase tsc_adjust bmi1 avx2 smep bmi2 erms invpcid mpx rdseed adx smap clflushopt xsaveopt xsavec xgetbv1 xsaves dtherm ida arat pln pts hwp hwp_notify hwp_act_window hwp_epp
bugs		:
bogomips	: 5184.00
clflush size	: 64
cache_alignment	: 64
address sizes	: 39 bits physical, 48 bits virtual
power management:

processor	: 2
vendor_id	: GenuineIntel
cpu family	: 6
model		: 78
model name	: Intel(R) Core(TM) i7-6500U CPU @ 2.50GHz
stepping	: 3
microcode	: 0xba
cpu MHz		: 2498.120
cache size	: 4096 KB
physical id	: 0
siblings	: 4
core id		: 0
cpu cores	: 2
apicid		: 1
initial apicid	: 1
fpu		: yes
fpu_exception	: yes
cpuid level	: 22
wp		: yes
flags		: fpu vme de pse tsc msr pae mce cx8 apic sep mtrr pge mca cmov pat pse36 clflush dts acpi mmx fxsr sse sse2 ss ht tm pbe syscall nx pdpe1gb rdtscp lm constant_tsc art arch_perfmon pebs bts rep_good nopl xtopology nonstop_tsc aperfmperf tsc_known_freq pni pclmulqdq dtes64 monitor ds_cpl vmx est tm2 ssse3 sdbg fma cx16 xtpr pdcm pcid sse4_1 sse4_2 x2apic movbe popcnt tsc_deadline_timer aes xsave avx f16c rdrand lahf_lm abm 3dnowprefetch epb intel_pt tpr_shadow vnmi flexpriority ept vpid fsgsbase tsc_adjust bmi1 avx2 smep bmi2 erms invpcid mpx rdseed adx smap clflushopt xsaveopt xsavec xgetbv1 xsaves dtherm ida arat pln pts hwp hwp_notify hwp_act_window hwp_epp
bugs		:
bogomips	: 5184.00
clflush size	: 64
cache_alignment	: 64
address sizes	: 39 bits physical, 48 bits virtual
power management:

processor	: 3
vendor_id	: GenuineIntel
cpu family	: 6
model		: 78
model name	: Intel(R) Core(TM) i7-6500U CPU @ 2.50GHz
stepping	: 3
microcode	: 0xba
cpu MHz		: 2499.865
cache size	: 4096 KB
physical id	: 0
siblings	: 4
core id		: 1
cpu cores	: 2
apicid		: 3
initial apicid	: 3
fpu		: yes
fpu_exception	: yes
cpuid level	: 22
wp		: yes
flags		: fpu vme de pse tsc msr pae mce cx8 apic sep mtrr pge mca cmov pat pse36 clflush dts acpi mmx fxsr sse sse2 ss ht tm pbe syscall nx pdpe1gb rdtscp lm constant_tsc art arch_perfmon pebs bts rep_good nopl xtopology nonstop_tsc aperfmperf tsc_known_freq pni pclmulqdq dtes64 monitor ds_cpl vmx est tm2 ssse3 sdbg fma cx16 xtpr pdcm pcid sse4_1 sse4_2 x2apic movbe popcnt tsc_deadline_timer aes xsave avx f16c rdrand lahf_lm abm 3dnowprefetch epb intel_pt tpr_shadow vnmi flexpriority ept vpid fsgsbase tsc_adjust bmi1 avx2 smep bmi2 erms invpcid mpx rdseed adx smap clflushopt xsaveopt xsavec xgetbv1 xsaves dtherm ida arat pln pts hwp hwp_notify hwp_act_window hwp_epp
bugs		:
bogomips	: 5184.00
clflush size	: 64
cache_alignment	: 64
address sizes	: 39 bits physical, 48 bits virtual
power management:



Memory: 4k page, physical 8022936k(107292k free), swap 2097148k(0k free)

vm_info: OpenJDK 64-Bit Server VM (25.131-b11) for linux-amd64 JRE (1.8.0_131-8u131-b11-2ubuntu1.17.04.3-b11), built on Jul 27 2017 21:26:44 by "buildd" with gcc 6.3.0 20170406

time: Fri Oct 27 14:29:09 2017
elapsed time: 9 seconds (0d 0h 0m 9s)

